2025-08-29 17:37:40,168 INFO: ai-solve start: input=examples/easy1.sdk ckpt=checkpoints/policy.pt cpu=False no-prop=True max-steps=200
2025-08-29 17:37:41,651 INFO: device: cpu
2025-08-29 17:37:41,651 INFO: step 1 try R9C3=1 (score=1.0000)
2025-08-29 17:37:41,651 INFO: accepted R9C3=1
2025-08-29 17:37:41,669 INFO: step 2 try R3C1=1 (score=1.0000)
2025-08-29 17:37:41,669 INFO: accepted R3C1=1
2025-08-29 17:37:41,673 INFO: step 3 try R4C2=1 (score=1.0000)
2025-08-29 17:37:41,673 INFO: accepted R4C2=1
2025-08-29 17:37:41,673 INFO: step 4 try R6C6=1 (score=1.0000)
2025-08-29 17:37:41,673 INFO: accepted R6C6=1
2025-08-29 17:37:41,673 INFO: step 5 try R1C7=1 (score=1.0000)
2025-08-29 17:37:41,673 INFO: accepted R1C7=1
2025-08-29 17:37:41,682 INFO: step 6 try R9C1=3 (score=0.0000)
2025-08-29 17:37:41,682 INFO: accepted R9C1=3
2025-08-29 17:37:41,683 INFO: step 7 try R1C9=4 (score=0.0000)
2025-08-29 17:37:41,683 INFO: rejected R1C9=4
2025-08-29 17:37:41,683 INFO: step 7 try R1C9=2 (score=0.0000)
2025-08-29 17:37:41,683 INFO: accepted R1C9=2
2025-08-29 17:37:41,685 INFO: step 8 try R9C6=6 (score=0.0000)
2025-08-29 17:37:41,685 INFO: accepted R9C6=6
2025-08-29 17:37:41,687 INFO: step 9 try R2C9=7 (score=0.0000)
2025-08-29 17:37:41,687 INFO: accepted R2C9=7
2025-08-29 17:37:41,689 INFO: step 10 try R1C8=9 (score=0.0000)
2025-08-29 17:37:41,689 INFO: accepted R1C8=9
2025-08-29 17:37:41,691 INFO: step 11 try R1C4=6 (score=0.0000)
2025-08-29 17:37:41,691 INFO: accepted R1C4=6
2025-08-29 17:37:41,691 INFO: step 12 try R9C2=4 (score=0.0000)
2025-08-29 17:37:41,691 INFO: rejected R9C2=4
2025-08-29 17:37:41,691 INFO: step 12 try R8C1=2 (score=0.0000)
2025-08-29 17:37:41,691 INFO: accepted R8C1=2
2025-08-29 17:37:41,691 INFO: step 13 try R9C2=4 (score=0.0000)
2025-08-29 17:37:41,691 INFO: rejected R9C2=4
2025-08-29 17:37:41,691 INFO: step 13 try R7C1=9 (score=0.0000)
2025-08-29 17:37:41,691 INFO: accepted R7C1=9
2025-08-29 17:37:41,699 INFO: step 14 try R9C2=4 (score=0.0000)
2025-08-29 17:37:41,699 INFO: rejected R9C2=4
2025-08-29 17:37:41,699 INFO: step 14 try R9C2=5 (score=0.0000)
2025-08-29 17:37:41,699 INFO: rejected R9C2=5
2025-08-29 17:37:41,699 INFO: step 14 try R1C6=4 (score=0.0000)
2025-08-29 17:37:41,699 INFO: rejected R1C6=4
2025-08-29 17:37:41,699 INFO: step 14 try R9C7=4 (score=0.0000)
2025-08-29 17:37:41,699 INFO: rejected R9C7=4
2025-08-29 17:37:41,699 INFO: step 14 try R7C9=4 (score=0.0000)
2025-08-29 17:37:41,699 INFO: rejected R7C9=4
2025-08-29 17:37:41,699 INFO: step 14 try R1C3=4 (score=0.0000)
2025-08-29 17:37:41,699 INFO: accepted R1C3=4
2025-08-29 17:37:41,699 INFO: step 15 try R9C2=4 (score=0.0000)
2025-08-29 17:37:41,699 INFO: rejected R9C2=4
2025-08-29 17:37:41,699 INFO: step 15 try R9C2=5 (score=0.0000)
2025-08-29 17:37:41,699 INFO: rejected R9C2=5
2025-08-29 17:37:41,699 INFO: step 15 try R9C7=4 (score=0.0000)
2025-08-29 17:37:41,699 INFO: rejected R9C7=4
2025-08-29 17:37:41,699 INFO: step 15 try R7C9=4 (score=0.0000)
2025-08-29 17:37:41,699 INFO: rejected R7C9=4
2025-08-29 17:37:41,699 INFO: step 15 try R3C9=4 (score=0.0000)
2025-08-29 17:37:41,699 INFO: rejected R3C9=4
2025-08-29 17:37:41,699 INFO: step 15 try R9C4=2 (score=0.0000)
2025-08-29 17:37:41,699 INFO: accepted R9C4=2
2025-08-29 17:37:41,699 INFO: step 16 try R9C2=4 (score=0.0000)
2025-08-29 17:37:41,699 INFO: rejected R9C2=4
2025-08-29 17:37:41,699 INFO: step 16 try R9C2=5 (score=0.0000)
2025-08-29 17:37:41,699 INFO: rejected R9C2=5
2025-08-29 17:37:41,699 INFO: step 16 try R9C7=4 (score=0.0000)
2025-08-29 17:37:41,699 INFO: rejected R9C7=4
2025-08-29 17:37:41,699 INFO: step 16 try R7C9=4 (score=0.0000)
2025-08-29 17:37:41,699 INFO: rejected R7C9=4
2025-08-29 17:37:41,699 INFO: step 16 try R3C9=4 (score=0.0000)
2025-08-29 17:37:41,699 INFO: rejected R3C9=4
2025-08-29 17:37:41,699 INFO: step 16 try R1C6=8 (score=0.0000)
2025-08-29 17:37:41,699 INFO: accepted R1C6=8
2025-08-29 17:37:41,699 INFO: step 17 try R9C2=4 (score=0.0000)
2025-08-29 17:37:41,699 INFO: rejected R9C2=4
2025-08-29 17:37:41,699 INFO: step 17 try R9C2=5 (score=0.0000)
2025-08-29 17:37:41,699 INFO: rejected R9C2=5
2025-08-29 17:37:41,699 INFO: step 17 try R9C7=4 (score=0.0000)
2025-08-29 17:37:41,699 INFO: rejected R9C7=4
2025-08-29 17:37:41,699 INFO: step 17 try R7C9=4 (score=0.0000)
2025-08-29 17:37:41,699 INFO: rejected R7C9=4
2025-08-29 17:37:41,699 INFO: step 17 try R3C9=4 (score=0.0000)
2025-08-29 17:37:41,699 INFO: rejected R3C9=4
2025-08-29 17:37:41,699 INFO: step 17 try R2C8=3 (score=0.0000)
2025-08-29 17:37:41,699 INFO: rejected R2C8=3
2025-08-29 17:37:41,699 INFO: step 17 try R8C8=3 (score=0.0000)
2025-08-29 17:37:41,699 INFO: accepted R8C8=3
2025-08-29 17:37:41,699 INFO: step 18 try R9C2=4 (score=0.0000)
2025-08-29 17:37:41,699 INFO: rejected R9C2=4
2025-08-29 17:37:41,699 INFO: step 18 try R9C2=5 (score=0.0000)
2025-08-29 17:37:41,699 INFO: rejected R9C2=5
2025-08-29 17:37:41,699 INFO: step 18 try R9C7=4 (score=0.0000)
2025-08-29 17:37:41,699 INFO: rejected R9C7=4
2025-08-29 17:37:41,699 INFO: step 18 try R3C9=4 (score=0.0000)
2025-08-29 17:37:41,699 INFO: rejected R3C9=4
2025-08-29 17:37:41,699 INFO: step 18 try R7C9=4 (score=0.0000)
2025-08-29 17:37:41,699 INFO: rejected R7C9=4
2025-08-29 17:37:41,699 INFO: step 18 try R8C2=7 (score=0.0000)
2025-08-29 17:37:41,699 INFO: rejected R8C2=7
2025-08-29 17:37:41,699 INFO: step 18 try R8C7=6 (score=0.0000)
2025-08-29 17:37:41,699 INFO: accepted R8C7=6
2025-08-29 17:37:41,715 INFO: step 19 try R9C2=4 (score=0.0000)
2025-08-29 17:37:41,715 INFO: rejected R9C2=4
2025-08-29 17:37:41,715 INFO: step 19 try R9C2=5 (score=0.0000)
2025-08-29 17:37:41,715 INFO: rejected R9C2=5
2025-08-29 17:37:41,715 INFO: step 19 try R9C7=4 (score=0.0000)
2025-08-29 17:37:41,715 INFO: rejected R9C7=4
2025-08-29 17:37:41,715 INFO: step 19 try R3C9=4 (score=0.0000)
2025-08-29 17:37:41,715 INFO: rejected R3C9=4
2025-08-29 17:37:41,715 INFO: step 19 try R7C9=4 (score=0.0000)
2025-08-29 17:37:41,715 INFO: rejected R7C9=4
2025-08-29 17:37:41,715 INFO: step 19 try R8C2=7 (score=0.0000)
2025-08-29 17:37:41,715 INFO: rejected R8C2=7
2025-08-29 17:37:41,715 INFO: step 19 try R2C8=4 (score=0.0000)
2025-08-29 17:37:41,715 INFO: rejected R2C8=4
2025-08-29 17:37:41,715 INFO: step 19 try R2C7=3 (score=0.0000)
2025-08-29 17:37:41,715 INFO: accepted R2C7=3
2025-08-29 17:37:41,715 INFO: step 20 try R9C2=4 (score=0.0000)
2025-08-29 17:37:41,715 INFO: rejected R9C2=4
2025-08-29 17:37:41,715 INFO: step 20 try R9C2=5 (score=0.0000)
2025-08-29 17:37:41,715 INFO: rejected R9C2=5
2025-08-29 17:37:41,715 INFO: step 20 try R9C7=4 (score=0.0000)
2025-08-29 17:37:41,715 INFO: rejected R9C7=4
2025-08-29 17:37:41,715 INFO: step 20 try R3C9=4 (score=0.0000)
2025-08-29 17:37:41,715 INFO: rejected R3C9=4
2025-08-29 17:37:41,715 INFO: step 20 try R7C9=4 (score=0.0000)
2025-08-29 17:37:41,715 INFO: rejected R7C9=4
2025-08-29 17:37:41,715 INFO: step 20 try R8C2=7 (score=0.0000)
2025-08-29 17:37:41,715 INFO: rejected R8C2=7
2025-08-29 17:37:41,715 INFO: step 20 try R2C8=4 (score=0.0000)
2025-08-29 17:37:41,715 INFO: rejected R2C8=4
2025-08-29 17:37:41,715 INFO: step 20 try R8C3=7 (score=0.0000)
2025-08-29 17:37:41,715 INFO: accepted R8C3=7
2025-08-29 17:37:41,715 INFO: step 21 try R9C2=4 (score=0.0000)
2025-08-29 17:37:41,715 INFO: rejected R9C2=4
2025-08-29 17:37:41,715 INFO: step 21 try R9C2=5 (score=0.0000)
2025-08-29 17:37:41,715 INFO: rejected R9C2=5
2025-08-29 17:37:41,715 INFO: step 21 try R9C7=4 (score=0.0000)
2025-08-29 17:37:41,715 INFO: rejected R9C7=4
2025-08-29 17:37:41,715 INFO: step 21 try R3C9=4 (score=0.0000)
2025-08-29 17:37:41,715 INFO: rejected R3C9=4
2025-08-29 17:37:41,715 INFO: step 21 try R7C9=4 (score=0.0000)
2025-08-29 17:37:41,715 INFO: rejected R7C9=4
2025-08-29 17:37:41,715 INFO: step 21 try R2C8=4 (score=0.0000)
2025-08-29 17:37:41,715 INFO: rejected R2C8=4
2025-08-29 17:37:41,715 INFO: step 21 try R5C3=6 (score=0.0000)
2025-08-29 17:37:41,715 INFO: accepted R5C3=6
2025-08-29 17:37:41,715 INFO: step 22 try R9C2=4 (score=0.0000)
2025-08-29 17:37:41,715 INFO: rejected R9C2=4
2025-08-29 17:37:41,715 INFO: step 22 try R9C2=5 (score=0.0000)
2025-08-29 17:37:41,715 INFO: rejected R9C2=5
2025-08-29 17:37:41,715 INFO: step 22 try R9C7=4 (score=0.0000)
2025-08-29 17:37:41,715 INFO: rejected R9C7=4
2025-08-29 17:37:41,715 INFO: step 22 try R3C9=4 (score=0.0000)
2025-08-29 17:37:41,715 INFO: rejected R3C9=4
2025-08-29 17:37:41,715 INFO: step 22 try R7C9=4 (score=0.0000)
2025-08-29 17:37:41,715 INFO: rejected R7C9=4
2025-08-29 17:37:41,715 INFO: step 22 try R2C8=4 (score=0.0000)
2025-08-29 17:37:41,715 INFO: rejected R2C8=4
2025-08-29 17:37:41,715 INFO: step 22 try R2C2=2 (score=0.0000)
2025-08-29 17:37:41,715 INFO: rejected R2C2=2
2025-08-29 17:37:41,715 INFO: step 22 try R8C2=8 (score=0.0000)
2025-08-29 17:37:41,715 INFO: accepted R8C2=8
2025-08-29 17:37:41,726 INFO: step 23 try R9C2=4 (score=0.0000)
2025-08-29 17:37:41,726 INFO: rejected R9C2=4
2025-08-29 17:37:41,726 INFO: step 23 try R9C7=4 (score=0.0000)
2025-08-29 17:37:41,726 INFO: rejected R9C7=4
2025-08-29 17:37:41,726 INFO: step 23 try R3C9=4 (score=0.0000)
2025-08-29 17:37:41,726 INFO: rejected R3C9=4
2025-08-29 17:37:41,726 INFO: step 23 try R9C2=5 (score=0.0000)
2025-08-29 17:37:41,726 INFO: rejected R9C2=5
2025-08-29 17:37:41,726 INFO: step 23 try R7C9=4 (score=0.0000)
2025-08-29 17:37:41,726 INFO: rejected R7C9=4
2025-08-29 17:37:41,726 INFO: step 23 try R2C8=4 (score=0.0000)
2025-08-29 17:37:41,726 INFO: rejected R2C8=4
2025-08-29 17:37:41,726 INFO: step 23 try R2C2=2 (score=0.0000)
2025-08-29 17:37:41,726 INFO: rejected R2C2=2
2025-08-29 17:37:41,726 INFO: step 23 try R4C8=4 (score=0.0000)
2025-08-29 17:37:41,726 INFO: rejected R4C8=4
2025-08-29 17:37:41,726 INFO: step 23 try R6C3=3 (score=0.0000)
2025-08-29 17:37:41,726 INFO: accepted R6C3=3
2025-08-29 17:37:41,728 INFO: step 24 try R9C2=4 (score=0.0000)
2025-08-29 17:37:41,728 INFO: rejected R9C2=4
2025-08-29 17:37:41,730 INFO: step 24 try R9C7=4 (score=0.0000)
2025-08-29 17:37:41,730 INFO: rejected R9C7=4
2025-08-29 17:37:41,730 INFO: step 24 try R3C9=4 (score=0.0000)
2025-08-29 17:37:41,730 INFO: rejected R3C9=4
2025-08-29 17:37:41,730 INFO: step 24 try R9C2=5 (score=0.0000)
2025-08-29 17:37:41,730 INFO: rejected R9C2=5
2025-08-29 17:37:41,730 INFO: step 24 try R7C9=4 (score=0.0000)
2025-08-29 17:37:41,730 INFO: rejected R7C9=4
2025-08-29 17:37:41,730 INFO: step 24 try R2C8=4 (score=0.0000)
2025-08-29 17:37:41,730 INFO: rejected R2C8=4
2025-08-29 17:37:41,730 INFO: step 24 try R2C2=2 (score=0.0000)
2025-08-29 17:37:41,730 INFO: rejected R2C2=2
2025-08-29 17:37:41,730 INFO: step 24 try R4C8=4 (score=0.0000)
2025-08-29 17:37:41,730 INFO: rejected R4C8=4
2025-08-29 17:37:41,730 INFO: step 24 try R3C5=3 (score=0.0000)
2025-08-29 17:37:41,730 INFO: rejected R3C5=3
2025-08-29 17:37:41,730 INFO: step 24 try R6C8=4 (score=0.0000)
2025-08-29 17:37:41,730 INFO: rejected R6C8=4
2025-08-29 17:37:41,730 INFO: step 24 try R3C4=3 (score=0.0000)
2025-08-29 17:37:41,730 INFO: accepted R3C4=3
2025-08-29 17:37:41,732 INFO: step 25 try R9C2=4 (score=0.0000)
2025-08-29 17:37:41,732 INFO: rejected R9C2=4
2025-08-29 17:37:41,732 INFO: step 25 try R9C7=4 (score=0.0000)
2025-08-29 17:37:41,732 INFO: rejected R9C7=4
2025-08-29 17:37:41,732 INFO: step 25 try R3C9=4 (score=0.0000)
2025-08-29 17:37:41,732 INFO: rejected R3C9=4
2025-08-29 17:37:41,732 INFO: step 25 try R9C2=5 (score=0.0000)
2025-08-29 17:37:41,732 INFO: rejected R9C2=5
2025-08-29 17:37:41,732 INFO: step 25 try R7C9=4 (score=0.0000)
2025-08-29 17:37:41,732 INFO: rejected R7C9=4
2025-08-29 17:37:41,732 INFO: step 25 try R2C8=4 (score=0.0000)
2025-08-29 17:37:41,732 INFO: rejected R2C8=4
2025-08-29 17:37:41,732 INFO: step 25 try R2C2=2 (score=0.0000)
2025-08-29 17:37:41,732 INFO: rejected R2C2=2
2025-08-29 17:37:41,732 INFO: step 25 try R4C8=4 (score=0.0000)
2025-08-29 17:37:41,732 INFO: rejected R4C8=4
2025-08-29 17:37:41,732 INFO: step 25 try R6C8=4 (score=0.0000)
2025-08-29 17:37:41,732 INFO: rejected R6C8=4
2025-08-29 17:37:41,732 INFO: step 25 try R7C5=3 (score=0.0000)
2025-08-29 17:37:41,732 INFO: accepted R7C5=3
2025-08-29 17:37:41,734 INFO: step 26 try R9C2=4 (score=0.0000)
2025-08-29 17:37:41,734 INFO: rejected R9C2=4
2025-08-29 17:37:41,734 INFO: step 26 try R9C7=4 (score=0.0000)
2025-08-29 17:37:41,734 INFO: rejected R9C7=4
2025-08-29 17:37:41,734 INFO: step 26 try R3C9=4 (score=0.0000)
2025-08-29 17:37:41,734 INFO: rejected R3C9=4
2025-08-29 17:37:41,734 INFO: step 26 try R9C2=5 (score=0.0000)
2025-08-29 17:37:41,734 INFO: rejected R9C2=5
2025-08-29 17:37:41,734 INFO: step 26 try R7C9=4 (score=0.0000)
2025-08-29 17:37:41,734 INFO: rejected R7C9=4
2025-08-29 17:37:41,734 INFO: step 26 try R2C8=4 (score=0.0000)
2025-08-29 17:37:41,734 INFO: rejected R2C8=4
2025-08-29 17:37:41,734 INFO: step 26 try R2C2=2 (score=0.0000)
2025-08-29 17:37:41,734 INFO: rejected R2C2=2
2025-08-29 17:37:41,734 INFO: step 26 try R4C8=4 (score=0.0000)
2025-08-29 17:37:41,734 INFO: rejected R4C8=4
2025-08-29 17:37:41,734 INFO: step 26 try R6C8=4 (score=0.0000)
2025-08-29 17:37:41,734 INFO: rejected R6C8=4
2025-08-29 17:37:41,734 INFO: step 26 try R4C6=7 (score=0.0000)
2025-08-29 17:37:41,734 INFO: rejected R4C6=7
2025-08-29 17:37:41,734 INFO: step 26 try R5C8=2 (score=0.0000)
2025-08-29 17:37:41,734 INFO: accepted R5C8=2
2025-08-29 17:37:41,734 INFO: step 27 try R9C2=4 (score=0.0000)
2025-08-29 17:37:41,734 INFO: rejected R9C2=4
2025-08-29 17:37:41,734 INFO: step 27 try R9C7=4 (score=0.0000)
2025-08-29 17:37:41,734 INFO: rejected R9C7=4
2025-08-29 17:37:41,734 INFO: step 27 try R3C9=4 (score=0.0000)
2025-08-29 17:37:41,734 INFO: rejected R3C9=4
2025-08-29 17:37:41,734 INFO: step 27 try R9C2=5 (score=0.0000)
2025-08-29 17:37:41,734 INFO: rejected R9C2=5
2025-08-29 17:37:41,734 INFO: step 27 try R7C9=4 (score=0.0000)
2025-08-29 17:37:41,734 INFO: rejected R7C9=4
2025-08-29 17:37:41,734 INFO: step 27 try R2C8=4 (score=0.0000)
2025-08-29 17:37:41,734 INFO: rejected R2C8=4
2025-08-29 17:37:41,734 INFO: step 27 try R2C2=2 (score=0.0000)
2025-08-29 17:37:41,734 INFO: rejected R2C2=2
2025-08-29 17:37:41,734 INFO: step 27 try R4C8=4 (score=0.0000)
2025-08-29 17:37:41,734 INFO: rejected R4C8=4
2025-08-29 17:37:41,734 INFO: step 27 try R6C8=4 (score=0.0000)
2025-08-29 17:37:41,734 INFO: rejected R6C8=4
2025-08-29 17:37:41,734 INFO: step 27 try R5C7=7 (score=0.0000)
2025-08-29 17:37:41,734 INFO: accepted R5C7=7
2025-08-29 17:37:41,734 INFO: step 28 try R9C2=4 (score=0.0000)
2025-08-29 17:37:41,734 INFO: rejected R9C2=4
2025-08-29 17:37:41,734 INFO: step 28 try R9C7=4 (score=0.0000)
2025-08-29 17:37:41,734 INFO: rejected R9C7=4
2025-08-29 17:37:41,734 INFO: step 28 try R9C2=5 (score=0.0000)
2025-08-29 17:37:41,734 INFO: rejected R9C2=5
2025-08-29 17:37:41,734 INFO: step 28 try R3C9=4 (score=0.0000)
2025-08-29 17:37:41,734 INFO: rejected R3C9=4
2025-08-29 17:37:41,734 INFO: step 28 try R7C9=4 (score=0.0000)
2025-08-29 17:37:41,734 INFO: rejected R7C9=4
2025-08-29 17:37:41,734 INFO: step 28 try R2C8=4 (score=0.0000)
2025-08-29 17:37:41,734 INFO: rejected R2C8=4
2025-08-29 17:37:41,734 INFO: step 28 try R2C2=2 (score=0.0000)
2025-08-29 17:37:41,734 INFO: rejected R2C2=2
2025-08-29 17:37:41,734 INFO: step 28 try R4C8=4 (score=0.0000)
2025-08-29 17:37:41,734 INFO: rejected R4C8=4
2025-08-29 17:37:41,734 INFO: step 28 try R6C8=4 (score=0.0000)
2025-08-29 17:37:41,734 INFO: rejected R6C8=4
2025-08-29 17:37:41,734 INFO: step 28 try R4C6=7 (score=0.0000)
2025-08-29 17:37:41,734 INFO: rejected R4C6=7
2025-08-29 17:37:41,734 INFO: step 28 try R4C4=7 (score=0.0000)
2025-08-29 17:37:41,734 INFO: accepted R4C4=7
2025-08-29 17:37:41,734 INFO: step 29 try R9C2=4 (score=0.0000)
2025-08-29 17:37:41,734 INFO: rejected R9C2=4
2025-08-29 17:37:41,734 INFO: step 29 try R9C7=4 (score=0.0000)
2025-08-29 17:37:41,734 INFO: rejected R9C7=4
2025-08-29 17:37:41,734 INFO: step 29 try R9C2=5 (score=0.0000)
2025-08-29 17:37:41,734 INFO: rejected R9C2=5
2025-08-29 17:37:41,734 INFO: step 29 try R3C9=4 (score=0.0000)
2025-08-29 17:37:41,734 INFO: rejected R3C9=4
2025-08-29 17:37:41,734 INFO: step 29 try R7C9=4 (score=0.0000)
2025-08-29 17:37:41,734 INFO: rejected R7C9=4
2025-08-29 17:37:41,734 INFO: step 29 try R2C8=4 (score=0.0000)
2025-08-29 17:37:41,734 INFO: rejected R2C8=4
2025-08-29 17:37:41,734 INFO: step 29 try R2C2=2 (score=0.0000)
2025-08-29 17:37:41,734 INFO: rejected R2C2=2
2025-08-29 17:37:41,734 INFO: step 29 try R4C8=4 (score=0.0000)
2025-08-29 17:37:41,734 INFO: rejected R4C8=4
2025-08-29 17:37:41,734 INFO: step 29 try R6C8=4 (score=0.0000)
2025-08-29 17:37:41,734 INFO: rejected R6C8=4
2025-08-29 17:37:41,734 INFO: step 29 try R7C6=7 (score=0.0000)
2025-08-29 17:37:41,734 INFO: accepted R7C6=7
2025-08-29 17:37:41,746 INFO: step 30 try R9C2=4 (score=0.0000)
2025-08-29 17:37:41,746 INFO: rejected R9C2=4
2025-08-29 17:37:41,746 INFO: step 30 try R9C7=4 (score=0.0000)
2025-08-29 17:37:41,746 INFO: rejected R9C7=4
2025-08-29 17:37:41,748 INFO: step 30 try R9C2=5 (score=0.0000)
2025-08-29 17:37:41,748 INFO: rejected R9C2=5
2025-08-29 17:37:41,748 INFO: step 30 try R3C9=4 (score=0.0000)
2025-08-29 17:37:41,748 INFO: rejected R3C9=4
2025-08-29 17:37:41,748 INFO: step 30 try R7C9=4 (score=0.0000)
2025-08-29 17:37:41,748 INFO: rejected R7C9=4
2025-08-29 17:37:41,748 INFO: step 30 try R2C8=4 (score=0.0000)
2025-08-29 17:37:41,748 INFO: rejected R2C8=4
2025-08-29 17:37:41,748 INFO: step 30 try R2C2=2 (score=0.0000)
2025-08-29 17:37:41,748 INFO: rejected R2C2=2
2025-08-29 17:37:41,748 INFO: step 30 try R4C8=4 (score=0.0000)
2025-08-29 17:37:41,748 INFO: rejected R4C8=4
2025-08-29 17:37:41,748 INFO: step 30 try R6C8=4 (score=0.0000)
2025-08-29 17:37:41,748 INFO: rejected R6C8=4
2025-08-29 17:37:41,748 INFO: step 30 try R2C3=2 (score=0.0000)
2025-08-29 17:37:41,748 INFO: rejected R2C3=2
2025-08-29 17:37:41,748 INFO: step 30 try R4C7=9 (score=0.0000)
2025-08-29 17:37:41,748 INFO: accepted R4C7=9
2025-08-29 17:37:41,748 INFO: step 31 try R9C2=4 (score=0.0000)
2025-08-29 17:37:41,748 INFO: rejected R9C2=4
2025-08-29 17:37:41,748 INFO: step 31 try R9C7=4 (score=0.0000)
2025-08-29 17:37:41,748 INFO: rejected R9C7=4
2025-08-29 17:37:41,748 INFO: step 31 try R3C9=4 (score=0.0000)
2025-08-29 17:37:41,748 INFO: rejected R3C9=4
2025-08-29 17:37:41,748 INFO: step 31 try R9C2=5 (score=0.0000)
2025-08-29 17:37:41,748 INFO: rejected R9C2=5
2025-08-29 17:37:41,748 INFO: step 31 try R7C9=4 (score=0.0000)
2025-08-29 17:37:41,748 INFO: rejected R7C9=4
2025-08-29 17:37:41,748 INFO: step 31 try R2C8=4 (score=0.0000)
2025-08-29 17:37:41,748 INFO: rejected R2C8=4
2025-08-29 17:37:41,748 INFO: step 31 try R2C2=2 (score=0.0000)
2025-08-29 17:37:41,748 INFO: rejected R2C2=2
2025-08-29 17:37:41,748 INFO: step 31 try R4C8=4 (score=0.0000)
2025-08-29 17:37:41,748 INFO: rejected R4C8=4
2025-08-29 17:37:41,748 INFO: step 31 try R6C8=4 (score=0.0000)
2025-08-29 17:37:41,748 INFO: rejected R6C8=4
2025-08-29 17:37:41,748 INFO: step 31 try R2C3=2 (score=0.0000)
2025-08-29 17:37:41,748 INFO: rejected R2C3=2
2025-08-29 17:37:41,748 INFO: step 31 try R6C4=9 (score=0.0000)
2025-08-29 17:37:41,748 INFO: accepted R6C4=9
2025-08-29 17:37:41,748 INFO: step 32 try R9C2=4 (score=0.0000)
2025-08-29 17:37:41,748 INFO: rejected R9C2=4
2025-08-29 17:37:41,748 INFO: step 32 try R9C7=4 (score=0.0000)
2025-08-29 17:37:41,748 INFO: rejected R9C7=4
2025-08-29 17:37:41,748 INFO: step 32 try R3C9=4 (score=0.0000)
2025-08-29 17:37:41,748 INFO: rejected R3C9=4
2025-08-29 17:37:41,748 INFO: step 32 try R9C2=5 (score=0.0000)
2025-08-29 17:37:41,748 INFO: rejected R9C2=5
2025-08-29 17:37:41,748 INFO: step 32 try R7C9=4 (score=0.0000)
2025-08-29 17:37:41,748 INFO: rejected R7C9=4
2025-08-29 17:37:41,748 INFO: step 32 try R2C8=4 (score=0.0000)
2025-08-29 17:37:41,748 INFO: rejected R2C8=4
2025-08-29 17:37:41,748 INFO: step 32 try R2C2=2 (score=0.0000)
2025-08-29 17:37:41,748 INFO: rejected R2C2=2
2025-08-29 17:37:41,748 INFO: step 32 try R4C8=4 (score=0.0000)
2025-08-29 17:37:41,748 INFO: rejected R4C8=4
2025-08-29 17:37:41,748 INFO: step 32 try R6C8=4 (score=0.0000)
2025-08-29 17:37:41,748 INFO: rejected R6C8=4
2025-08-29 17:37:41,748 INFO: step 32 try R2C3=2 (score=0.0000)
2025-08-29 17:37:41,748 INFO: rejected R2C3=2
2025-08-29 17:37:41,748 INFO: step 32 try R6C2=5 (score=0.0000)
2025-08-29 17:37:41,748 INFO: rejected R6C2=5
2025-08-29 17:37:41,748 INFO: step 32 try R3C7=4 (score=0.0000)
2025-08-29 17:37:41,748 INFO: rejected R3C7=4
2025-08-29 17:37:41,748 INFO: step 32 try R4C8=5 (score=0.0000)
2025-08-29 17:37:41,748 INFO: accepted R4C8=5
2025-08-29 17:37:41,748 INFO: step 33 try R9C2=4 (score=0.0000)
2025-08-29 17:37:41,748 INFO: rejected R9C2=4
2025-08-29 17:37:41,748 INFO: step 33 try R9C7=4 (score=0.0000)
2025-08-29 17:37:41,748 INFO: rejected R9C7=4
2025-08-29 17:37:41,748 INFO: step 33 try R9C2=5 (score=0.0000)
2025-08-29 17:37:41,748 INFO: rejected R9C2=5
2025-08-29 17:37:41,748 INFO: step 33 try R3C9=4 (score=0.0000)
2025-08-29 17:37:41,748 INFO: rejected R3C9=4
2025-08-29 17:37:41,748 INFO: step 33 try R7C9=4 (score=0.0000)
2025-08-29 17:37:41,748 INFO: rejected R7C9=4
2025-08-29 17:37:41,748 INFO: step 33 try R2C8=4 (score=0.0000)
2025-08-29 17:37:41,748 INFO: rejected R2C8=4
2025-08-29 17:37:41,748 INFO: step 33 try R2C2=2 (score=0.0000)
2025-08-29 17:37:41,748 INFO: rejected R2C2=2
2025-08-29 17:37:41,748 INFO: step 33 try R6C8=4 (score=0.0000)
2025-08-29 17:37:41,748 INFO: rejected R6C8=4
2025-08-29 17:37:41,748 INFO: step 33 try R2C3=2 (score=0.0000)
2025-08-29 17:37:41,748 INFO: rejected R2C3=2
2025-08-29 17:37:41,748 INFO: step 33 try R6C2=5 (score=0.0000)
2025-08-29 17:37:41,748 INFO: rejected R6C2=5
2025-08-29 17:37:41,748 INFO: step 33 try R3C7=4 (score=0.0000)
2025-08-29 17:37:41,748 INFO: rejected R3C7=4
2025-08-29 17:37:41,748 INFO: step 33 try R3C6=4 (score=0.0000)
2025-08-29 17:37:41,748 INFO: rejected R3C6=4
2025-08-29 17:37:41,748 INFO: step 33 try R5C2=5 (score=0.0000)
2025-08-29 17:37:41,748 INFO: rejected R5C2=5
2025-08-29 17:37:41,748 INFO: step 33 try R3C5=4 (score=0.0000)
2025-08-29 17:37:41,748 INFO: rejected R3C5=4
2025-08-29 17:37:41,748 INFO: step 33 try R4C6=4 (score=0.0000)
2025-08-29 17:37:41,748 INFO: accepted R4C6=4
2025-08-29 17:37:41,760 INFO: step 34 try R9C2=4 (score=0.0000)
2025-08-29 17:37:41,760 INFO: rejected R9C2=4
2025-08-29 17:37:41,760 INFO: step 34 try R9C7=4 (score=0.0000)
2025-08-29 17:37:41,760 INFO: rejected R9C7=4
2025-08-29 17:37:41,760 INFO: step 34 try R9C2=5 (score=0.0000)
2025-08-29 17:37:41,760 INFO: rejected R9C2=5
2025-08-29 17:37:41,760 INFO: step 34 try R3C9=4 (score=0.0000)
2025-08-29 17:37:41,760 INFO: rejected R3C9=4
2025-08-29 17:37:41,760 INFO: step 34 try R7C9=4 (score=0.0000)
2025-08-29 17:37:41,760 INFO: rejected R7C9=4
2025-08-29 17:37:41,760 INFO: step 34 try R2C8=4 (score=0.0000)
2025-08-29 17:37:41,760 INFO: rejected R2C8=4
2025-08-29 17:37:41,760 INFO: step 34 try R2C2=2 (score=0.0000)
2025-08-29 17:37:41,760 INFO: rejected R2C2=2
2025-08-29 17:37:41,760 INFO: step 34 try R6C8=4 (score=0.0000)
2025-08-29 17:37:41,760 INFO: rejected R6C8=4
2025-08-29 17:37:41,760 INFO: step 34 try R2C3=2 (score=0.0000)
2025-08-29 17:37:41,760 INFO: rejected R2C3=2
2025-08-29 17:37:41,760 INFO: step 34 try R6C2=5 (score=0.0000)
2025-08-29 17:37:41,760 INFO: rejected R6C2=5
2025-08-29 17:37:41,760 INFO: step 34 try R5C2=5 (score=0.0000)
2025-08-29 17:37:41,760 INFO: rejected R5C2=5
2025-08-29 17:37:41,760 INFO: step 34 try R3C7=4 (score=0.0000)
2025-08-29 17:37:41,760 INFO: rejected R3C7=4
2025-08-29 17:37:41,760 INFO: step 34 try R3C5=4 (score=0.0000)
2025-08-29 17:37:41,760 INFO: rejected R3C5=4
2025-08-29 17:37:41,760 INFO: step 34 try R6C7=4 (score=0.0000)
2025-08-29 17:37:41,760 INFO: rejected R6C7=4
2025-08-29 17:37:41,760 INFO: step 34 try R3C6=2 (score=0.0000)
2025-08-29 17:37:41,760 INFO: accepted R3C6=2
2025-08-29 17:37:41,762 INFO: step 35 try R9C2=4 (score=0.0000)
2025-08-29 17:37:41,762 INFO: rejected R9C2=4
2025-08-29 17:37:41,762 INFO: step 35 try R9C7=4 (score=0.0000)
2025-08-29 17:37:41,762 INFO: rejected R9C7=4
2025-08-29 17:37:41,762 INFO: step 35 try R9C2=5 (score=0.0000)
2025-08-29 17:37:41,762 INFO: rejected R9C2=5
2025-08-29 17:37:41,762 INFO: step 35 try R3C9=4 (score=0.0000)
2025-08-29 17:37:41,762 INFO: rejected R3C9=4
2025-08-29 17:37:41,762 INFO: step 35 try R7C9=4 (score=0.0000)
2025-08-29 17:37:41,762 INFO: rejected R7C9=4
2025-08-29 17:37:41,762 INFO: step 35 try R2C8=4 (score=0.0000)
2025-08-29 17:37:41,764 INFO: rejected R2C8=4
2025-08-29 17:37:41,764 INFO: step 35 try R2C2=2 (score=0.0000)
2025-08-29 17:37:41,764 INFO: rejected R2C2=2
2025-08-29 17:37:41,764 INFO: step 35 try R6C8=4 (score=0.0000)
2025-08-29 17:37:41,764 INFO: rejected R6C8=4
2025-08-29 17:37:41,764 INFO: step 35 try R2C3=2 (score=0.0000)
2025-08-29 17:37:41,764 INFO: rejected R2C3=2
2025-08-29 17:37:41,764 INFO: step 35 try R6C2=5 (score=0.0000)
2025-08-29 17:37:41,764 INFO: rejected R6C2=5
2025-08-29 17:37:41,764 INFO: step 35 try R5C2=5 (score=0.0000)
2025-08-29 17:37:41,764 INFO: rejected R5C2=5
2025-08-29 17:37:41,764 INFO: step 35 try R3C7=4 (score=0.0000)
2025-08-29 17:37:41,764 INFO: rejected R3C7=4
2025-08-29 17:37:41,764 INFO: step 35 try R3C5=4 (score=0.0000)
2025-08-29 17:37:41,764 INFO: rejected R3C5=4
2025-08-29 17:37:41,764 INFO: step 35 try R6C7=4 (score=0.0000)
2025-08-29 17:37:41,764 INFO: rejected R6C7=4
2025-08-29 17:37:41,764 INFO: step 35 try R4C3=2 (score=0.0000)
2025-08-29 17:37:41,764 INFO: rejected R4C3=2
2025-08-29 17:37:41,764 INFO: step 35 try R3C7=5 (score=0.0000)
2025-08-29 17:37:41,764 INFO: accepted R3C7=5
2025-08-29 17:37:41,764 INFO: step 36 try R9C2=4 (score=0.0000)
2025-08-29 17:37:41,764 INFO: rejected R9C2=4
2025-08-29 17:37:41,764 INFO: step 36 try R9C7=4 (score=0.0000)
2025-08-29 17:37:41,764 INFO: rejected R9C7=4
2025-08-29 17:37:41,764 INFO: step 36 try R9C2=5 (score=0.0000)
2025-08-29 17:37:41,764 INFO: rejected R9C2=5
2025-08-29 17:37:41,764 INFO: step 36 try R3C9=4 (score=0.0000)
2025-08-29 17:37:41,764 INFO: rejected R3C9=4
2025-08-29 17:37:41,764 INFO: step 36 try R7C9=4 (score=0.0000)
2025-08-29 17:37:41,764 INFO: rejected R7C9=4
2025-08-29 17:37:41,764 INFO: step 36 try R2C8=4 (score=0.0000)
2025-08-29 17:37:41,764 INFO: rejected R2C8=4
2025-08-29 17:37:41,764 INFO: step 36 try R2C2=2 (score=0.0000)
2025-08-29 17:37:41,764 INFO: rejected R2C2=2
2025-08-29 17:37:41,764 INFO: step 36 try R6C8=4 (score=0.0000)
2025-08-29 17:37:41,764 INFO: rejected R6C8=4
2025-08-29 17:37:41,764 INFO: step 36 try R2C3=2 (score=0.0000)
2025-08-29 17:37:41,764 INFO: rejected R2C3=2
2025-08-29 17:37:41,764 INFO: step 36 try R6C2=5 (score=0.0000)
2025-08-29 17:37:41,764 INFO: rejected R6C2=5
2025-08-29 17:37:41,764 INFO: step 36 try R5C2=5 (score=0.0000)
2025-08-29 17:37:41,764 INFO: rejected R5C2=5
2025-08-29 17:37:41,764 INFO: step 36 try R3C5=4 (score=0.0000)
2025-08-29 17:37:41,764 INFO: rejected R3C5=4
2025-08-29 17:37:41,764 INFO: step 36 try R6C7=4 (score=0.0000)
2025-08-29 17:37:41,764 INFO: rejected R6C7=4
2025-08-29 17:37:41,764 INFO: step 36 try R4C3=2 (score=0.0000)
2025-08-29 17:37:41,764 INFO: rejected R4C3=2
2025-08-29 17:37:41,764 INFO: step 36 try R7C3=5 (score=0.0000)
2025-08-29 17:37:41,764 INFO: rejected R7C3=5
2025-08-29 17:37:41,764 INFO: step 36 try R6C7=8 (score=0.0000)
2025-08-29 17:37:41,764 INFO: accepted R6C7=8
2025-08-29 17:37:41,764 INFO: step 37 try R9C2=4 (score=0.0000)
2025-08-29 17:37:41,764 INFO: rejected R9C2=4
2025-08-29 17:37:41,764 INFO: step 37 try R9C7=4 (score=0.0000)
2025-08-29 17:37:41,764 INFO: rejected R9C7=4
2025-08-29 17:37:41,764 INFO: step 37 try R9C2=5 (score=0.0000)
2025-08-29 17:37:41,764 INFO: rejected R9C2=5
2025-08-29 17:37:41,764 INFO: step 37 try R3C9=4 (score=0.0000)
2025-08-29 17:37:41,764 INFO: rejected R3C9=4
2025-08-29 17:37:41,764 INFO: step 37 try R7C9=4 (score=0.0000)
2025-08-29 17:37:41,769 INFO: rejected R7C9=4
2025-08-29 17:37:41,769 INFO: step 37 try R2C8=4 (score=0.0000)
2025-08-29 17:37:41,769 INFO: rejected R2C8=4
2025-08-29 17:37:41,769 INFO: step 37 try R2C2=2 (score=0.0000)
2025-08-29 17:37:41,769 INFO: rejected R2C2=2
2025-08-29 17:37:41,769 INFO: step 37 try R6C8=4 (score=0.0000)
2025-08-29 17:37:41,769 INFO: rejected R6C8=4
2025-08-29 17:37:41,769 INFO: step 37 try R2C3=2 (score=0.0000)
2025-08-29 17:37:41,769 INFO: rejected R2C3=2
2025-08-29 17:37:41,769 INFO: step 37 try R6C2=5 (score=0.0000)
2025-08-29 17:37:41,769 INFO: rejected R6C2=5
2025-08-29 17:37:41,769 INFO: step 37 try R5C2=5 (score=0.0000)
2025-08-29 17:37:41,769 INFO: rejected R5C2=5
2025-08-29 17:37:41,769 INFO: step 37 try R3C5=4 (score=0.0000)
2025-08-29 17:37:41,769 INFO: rejected R3C5=4
2025-08-29 17:37:41,769 INFO: step 37 try R4C3=2 (score=0.0000)
2025-08-29 17:37:41,769 INFO: rejected R4C3=2
2025-08-29 17:37:41,769 INFO: step 37 try R7C3=5 (score=0.0000)
2025-08-29 17:37:41,769 INFO: rejected R7C3=5
2025-08-29 17:37:41,769 INFO: step 37 try R7C4=5 (score=0.0000)
2025-08-29 17:37:41,769 INFO: rejected R7C4=5
2025-08-29 17:37:41,769 INFO: step 37 try R5C5=5 (score=0.0000)
2025-08-29 17:37:41,769 INFO: rejected R5C5=5
2025-08-29 17:37:41,769 WARNING: AI-only policy got stuck; falling back to backtracking...
2025-08-29 17:37:41,784 INFO: solution: 534678912672195348198342567859761423426853791713924856961537284287419635345286179
2025-08-29 17:37:41,784 INFO: 
+-------+-------+-------+
| 5 3 4 | 6 7 8 | 9 1 2 |
| 6 7 2 | 1 9 5 | 3 4 8 |
| 1 9 8 | 3 4 2 | 5 6 7 |
+-------+-------+-------+
| 8 5 9 | 7 6 1 | 4 2 3 |
| 4 2 6 | 8 5 3 | 7 9 1 |
| 7 1 3 | 9 2 4 | 8 5 6 |
+-------+-------+-------+
| 9 6 1 | 5 3 7 | 2 8 4 |
| 2 8 7 | 4 1 9 | 6 3 5 |
| 3 4 5 | 2 8 6 | 1 7 9 |
+-------+-------+-------+
2025-08-29 17:37:41,791 INFO: trace: policy: R9C3=1
2025-08-29 17:37:41,791 INFO: trace: policy: R3C1=1
2025-08-29 17:37:41,791 INFO: trace: policy: R4C2=1
2025-08-29 17:37:41,791 INFO: trace: policy: R6C6=1
2025-08-29 17:37:41,791 INFO: trace: policy: R1C7=1
2025-08-29 17:37:41,791 INFO: trace: policy: R9C1=3
2025-08-29 17:37:41,791 INFO: trace: policy: R1C9=4 (rejected)
2025-08-29 17:37:41,791 INFO: trace: policy: R1C9=2
2025-08-29 17:37:41,791 INFO: trace: policy: R9C6=6
2025-08-29 17:37:41,791 INFO: trace: policy: R2C9=7
2025-08-29 17:37:41,791 INFO: trace: policy: R1C8=9
2025-08-29 17:37:41,791 INFO: trace: policy: R1C4=6
2025-08-29 17:37:41,791 INFO: trace: policy: R9C2=4 (rejected)
2025-08-29 17:37:41,791 INFO: trace: policy: R8C1=2
2025-08-29 17:37:41,791 INFO: trace: policy: R9C2=4 (rejected)
2025-08-29 17:37:41,791 INFO: trace: policy: R7C1=9
2025-08-29 17:37:41,791 INFO: trace: policy: R9C2=4 (rejected)
2025-08-29 17:37:41,791 INFO: trace: policy: R9C2=5 (rejected)
2025-08-29 17:37:41,791 INFO: trace: policy: R1C6=4 (rejected)
2025-08-29 17:37:41,791 INFO: trace: policy: R9C7=4 (rejected)
2025-08-29 17:37:41,791 INFO: trace: policy: R7C9=4 (rejected)
2025-08-29 17:37:41,792 INFO: trace: policy: R1C3=4
2025-08-29 17:37:41,792 INFO: trace: policy: R9C2=4 (rejected)
2025-08-29 17:37:41,792 INFO: trace: policy: R9C2=5 (rejected)
2025-08-29 17:37:41,792 INFO: trace: policy: R9C7=4 (rejected)
2025-08-29 17:37:41,792 INFO: trace: policy: R7C9=4 (rejected)
2025-08-29 17:37:41,792 INFO: trace: policy: R3C9=4 (rejected)
2025-08-29 17:37:41,792 INFO: trace: policy: R9C4=2
2025-08-29 17:37:41,792 INFO: trace: policy: R9C2=4 (rejected)
2025-08-29 17:37:41,792 INFO: trace: policy: R9C2=5 (rejected)
2025-08-29 17:37:41,792 INFO: trace: policy: R9C7=4 (rejected)
2025-08-29 17:37:41,792 INFO: trace: policy: R7C9=4 (rejected)
2025-08-29 17:37:41,792 INFO: trace: policy: R3C9=4 (rejected)
2025-08-29 17:37:41,792 INFO: trace: policy: R1C6=8
2025-08-29 17:37:41,792 INFO: trace: policy: R9C2=4 (rejected)
2025-08-29 17:37:41,792 INFO: trace: policy: R9C2=5 (rejected)
2025-08-29 17:37:41,792 INFO: trace: policy: R9C7=4 (rejected)
2025-08-29 17:37:41,792 INFO: trace: policy: R7C9=4 (rejected)
2025-08-29 17:37:41,792 INFO: trace: policy: R3C9=4 (rejected)
2025-08-29 17:37:41,792 INFO: trace: policy: R2C8=3 (rejected)
2025-08-29 17:37:41,792 INFO: trace: policy: R8C8=3
2025-08-29 17:37:41,792 INFO: trace: policy: R9C2=4 (rejected)
2025-08-29 17:37:41,792 INFO: trace: policy: R9C2=5 (rejected)
2025-08-29 17:37:41,792 INFO: trace: policy: R9C7=4 (rejected)
2025-08-29 17:37:41,792 INFO: trace: policy: R3C9=4 (rejected)
2025-08-29 17:37:41,792 INFO: trace: policy: R7C9=4 (rejected)
2025-08-29 17:37:41,792 INFO: trace: policy: R8C2=7 (rejected)
2025-08-29 17:37:41,792 INFO: trace: policy: R8C7=6
2025-08-29 17:37:41,793 INFO: trace: policy: R9C2=4 (rejected)
2025-08-29 17:37:41,793 INFO: trace: policy: R9C2=5 (rejected)
2025-08-29 17:37:41,793 INFO: trace: policy: R9C7=4 (rejected)
2025-08-29 17:37:41,793 INFO: trace: policy: R3C9=4 (rejected)
2025-08-29 17:37:41,793 INFO: trace: policy: R7C9=4 (rejected)
2025-08-29 17:37:41,793 INFO: trace: policy: R8C2=7 (rejected)
2025-08-29 17:37:41,793 INFO: trace: policy: R2C8=4 (rejected)
2025-08-29 17:37:41,793 INFO: trace: policy: R2C7=3
2025-08-29 17:37:41,793 INFO: trace: policy: R9C2=4 (rejected)
2025-08-29 17:37:41,793 INFO: trace: policy: R9C2=5 (rejected)
2025-08-29 17:37:41,793 INFO: trace: policy: R9C7=4 (rejected)
2025-08-29 17:37:41,793 INFO: trace: policy: R3C9=4 (rejected)
2025-08-29 17:37:41,793 INFO: trace: policy: R7C9=4 (rejected)
2025-08-29 17:37:41,793 INFO: trace: policy: R8C2=7 (rejected)
2025-08-29 17:37:41,793 INFO: trace: policy: R2C8=4 (rejected)
2025-08-29 17:37:41,793 INFO: trace: policy: R8C3=7
2025-08-29 17:37:41,793 INFO: trace: policy: R9C2=4 (rejected)
2025-08-29 17:37:41,793 INFO: trace: policy: R9C2=5 (rejected)
2025-08-29 17:37:41,793 INFO: trace: policy: R9C7=4 (rejected)
2025-08-29 17:37:41,793 INFO: trace: policy: R3C9=4 (rejected)
2025-08-29 17:37:41,793 INFO: trace: policy: R7C9=4 (rejected)
2025-08-29 17:37:41,793 INFO: trace: policy: R2C8=4 (rejected)
2025-08-29 17:37:41,793 INFO: trace: policy: R5C3=6
2025-08-29 17:37:41,793 INFO: trace: policy: R9C2=4 (rejected)
2025-08-29 17:37:41,793 INFO: trace: policy: R9C2=5 (rejected)
2025-08-29 17:37:41,793 INFO: trace: policy: R9C7=4 (rejected)
2025-08-29 17:37:41,794 INFO: trace: policy: R3C9=4 (rejected)
2025-08-29 17:37:41,794 INFO: trace: policy: R7C9=4 (rejected)
2025-08-29 17:37:41,794 INFO: trace: policy: R2C8=4 (rejected)
2025-08-29 17:37:41,794 INFO: trace: policy: R2C2=2 (rejected)
2025-08-29 17:37:41,794 INFO: trace: policy: R8C2=8
2025-08-29 17:37:41,794 INFO: trace: policy: R9C2=4 (rejected)
2025-08-29 17:37:41,794 INFO: trace: policy: R9C7=4 (rejected)
2025-08-29 17:37:41,794 INFO: trace: policy: R3C9=4 (rejected)
2025-08-29 17:37:41,794 INFO: trace: policy: R9C2=5 (rejected)
2025-08-29 17:37:41,794 INFO: trace: policy: R7C9=4 (rejected)
2025-08-29 17:37:41,794 INFO: trace: policy: R2C8=4 (rejected)
2025-08-29 17:37:41,794 INFO: trace: policy: R2C2=2 (rejected)
2025-08-29 17:37:41,794 INFO: trace: policy: R4C8=4 (rejected)
2025-08-29 17:37:41,794 INFO: trace: policy: R6C3=3
2025-08-29 17:37:41,794 INFO: trace: policy: R9C2=4 (rejected)
2025-08-29 17:37:41,794 INFO: trace: policy: R9C7=4 (rejected)
2025-08-29 17:37:41,794 INFO: trace: policy: R3C9=4 (rejected)
2025-08-29 17:37:41,794 INFO: trace: policy: R9C2=5 (rejected)
2025-08-29 17:37:41,794 INFO: trace: policy: R7C9=4 (rejected)
2025-08-29 17:37:41,794 INFO: trace: policy: R2C8=4 (rejected)
2025-08-29 17:37:41,794 INFO: trace: policy: R2C2=2 (rejected)
2025-08-29 17:37:41,795 INFO: trace: policy: R4C8=4 (rejected)
2025-08-29 17:37:41,795 INFO: trace: policy: R3C5=3 (rejected)
2025-08-29 17:37:41,795 INFO: trace: policy: R6C8=4 (rejected)
2025-08-29 17:37:41,795 INFO: trace: policy: R3C4=3
2025-08-29 17:37:41,795 INFO: trace: policy: R9C2=4 (rejected)
2025-08-29 17:37:41,795 INFO: trace: policy: R9C7=4 (rejected)
2025-08-29 17:37:41,795 INFO: trace: policy: R3C9=4 (rejected)
2025-08-29 17:37:41,795 INFO: trace: policy: R9C2=5 (rejected)
2025-08-29 17:37:41,795 INFO: trace: policy: R7C9=4 (rejected)
2025-08-29 17:37:41,795 INFO: trace: policy: R2C8=4 (rejected)
2025-08-29 17:37:41,795 INFO: trace: policy: R2C2=2 (rejected)
2025-08-29 17:37:41,795 INFO: trace: policy: R4C8=4 (rejected)
2025-08-29 17:37:41,795 INFO: trace: policy: R6C8=4 (rejected)
2025-08-29 17:37:41,795 INFO: trace: policy: R7C5=3
2025-08-29 17:37:41,795 INFO: trace: policy: R9C2=4 (rejected)
2025-08-29 17:37:41,795 INFO: trace: policy: R9C7=4 (rejected)
2025-08-29 17:37:41,795 INFO: trace: policy: R3C9=4 (rejected)
2025-08-29 17:37:41,795 INFO: trace: policy: R9C2=5 (rejected)
2025-08-29 17:37:41,795 INFO: trace: policy: R7C9=4 (rejected)
2025-08-29 17:37:41,795 INFO: trace: policy: R2C8=4 (rejected)
2025-08-29 17:37:41,795 INFO: trace: policy: R2C2=2 (rejected)
2025-08-29 17:37:41,795 INFO: trace: policy: R4C8=4 (rejected)
2025-08-29 17:37:41,795 INFO: trace: policy: R6C8=4 (rejected)
2025-08-29 17:37:41,795 INFO: trace: policy: R4C6=7 (rejected)
2025-08-29 17:37:41,795 INFO: trace: policy: R5C8=2
2025-08-29 17:37:41,795 INFO: trace: policy: R9C2=4 (rejected)
2025-08-29 17:37:41,795 INFO: trace: policy: R9C7=4 (rejected)
2025-08-29 17:37:41,795 INFO: trace: policy: R3C9=4 (rejected)
2025-08-29 17:37:41,795 INFO: trace: policy: R9C2=5 (rejected)
2025-08-29 17:37:41,795 INFO: trace: policy: R7C9=4 (rejected)
2025-08-29 17:37:41,795 INFO: trace: policy: R2C8=4 (rejected)
2025-08-29 17:37:41,795 INFO: trace: policy: R2C2=2 (rejected)
2025-08-29 17:37:41,795 INFO: trace: policy: R4C8=4 (rejected)
2025-08-29 17:37:41,795 INFO: trace: policy: R6C8=4 (rejected)
2025-08-29 17:37:41,795 INFO: trace: policy: R5C7=7
2025-08-29 17:37:41,795 INFO: trace: policy: R9C2=4 (rejected)
2025-08-29 17:37:41,795 INFO: trace: policy: R9C7=4 (rejected)
2025-08-29 17:37:41,795 INFO: trace: policy: R9C2=5 (rejected)
2025-08-29 17:37:41,795 INFO: trace: policy: R3C9=4 (rejected)
2025-08-29 17:37:41,795 INFO: trace: policy: R7C9=4 (rejected)
2025-08-29 17:37:41,795 INFO: trace: policy: R2C8=4 (rejected)
2025-08-29 17:37:41,795 INFO: trace: policy: R2C2=2 (rejected)
2025-08-29 17:37:41,795 INFO: trace: policy: R4C8=4 (rejected)
2025-08-29 17:37:41,795 INFO: trace: policy: R6C8=4 (rejected)
2025-08-29 17:37:41,795 INFO: trace: policy: R4C6=7 (rejected)
2025-08-29 17:37:41,795 INFO: trace: policy: R4C4=7
2025-08-29 17:37:41,795 INFO: trace: policy: R9C2=4 (rejected)
2025-08-29 17:37:41,795 INFO: trace: policy: R9C7=4 (rejected)
2025-08-29 17:37:41,795 INFO: trace: policy: R9C2=5 (rejected)
2025-08-29 17:37:41,795 INFO: trace: policy: R3C9=4 (rejected)
2025-08-29 17:37:41,795 INFO: trace: policy: R7C9=4 (rejected)
2025-08-29 17:37:41,795 INFO: trace: policy: R2C8=4 (rejected)
2025-08-29 17:37:41,795 INFO: trace: policy: R2C2=2 (rejected)
2025-08-29 17:37:41,795 INFO: trace: policy: R4C8=4 (rejected)
2025-08-29 17:37:41,795 INFO: trace: policy: R6C8=4 (rejected)
2025-08-29 17:37:41,795 INFO: trace: policy: R7C6=7
2025-08-29 17:37:41,795 INFO: trace: policy: R9C2=4 (rejected)
2025-08-29 17:37:41,795 INFO: trace: policy: R9C7=4 (rejected)
2025-08-29 17:37:41,795 INFO: trace: policy: R9C2=5 (rejected)
2025-08-29 17:37:41,795 INFO: trace: policy: R3C9=4 (rejected)
2025-08-29 17:37:41,795 INFO: trace: policy: R7C9=4 (rejected)
2025-08-29 17:37:41,795 INFO: trace: policy: R2C8=4 (rejected)
2025-08-29 17:37:41,795 INFO: trace: policy: R2C2=2 (rejected)
2025-08-29 17:37:41,795 INFO: trace: policy: R4C8=4 (rejected)
2025-08-29 17:37:41,795 INFO: trace: policy: R6C8=4 (rejected)
2025-08-29 17:37:41,795 INFO: trace: policy: R2C3=2 (rejected)
2025-08-29 17:37:41,795 INFO: trace: policy: R4C7=9
2025-08-29 17:37:41,795 INFO: trace: policy: R9C2=4 (rejected)
2025-08-29 17:37:41,795 INFO: trace: policy: R9C7=4 (rejected)
2025-08-29 17:37:41,795 INFO: trace: policy: R3C9=4 (rejected)
2025-08-29 17:37:41,795 INFO: trace: policy: R9C2=5 (rejected)
2025-08-29 17:37:41,795 INFO: trace: policy: R7C9=4 (rejected)
2025-08-29 17:37:41,795 INFO: trace: policy: R2C8=4 (rejected)
2025-08-29 17:37:41,795 INFO: trace: policy: R2C2=2 (rejected)
2025-08-29 17:37:41,795 INFO: trace: policy: R4C8=4 (rejected)
2025-08-29 17:37:41,795 INFO: trace: policy: R6C8=4 (rejected)
2025-08-29 17:37:41,795 INFO: trace: policy: R2C3=2 (rejected)
2025-08-29 17:37:41,795 INFO: trace: policy: R6C4=9
2025-08-29 17:37:41,795 INFO: trace: policy: R9C2=4 (rejected)
2025-08-29 17:37:41,795 INFO: trace: policy: R9C7=4 (rejected)
2025-08-29 17:37:41,795 INFO: trace: policy: R3C9=4 (rejected)
2025-08-29 17:37:41,795 INFO: trace: policy: R9C2=5 (rejected)
2025-08-29 17:37:41,795 INFO: trace: policy: R7C9=4 (rejected)
2025-08-29 17:37:41,795 INFO: trace: policy: R2C8=4 (rejected)
2025-08-29 17:37:41,795 INFO: trace: policy: R2C2=2 (rejected)
2025-08-29 17:37:41,795 INFO: trace: policy: R4C8=4 (rejected)
2025-08-29 17:37:41,795 INFO: trace: policy: R6C8=4 (rejected)
2025-08-29 17:37:41,795 INFO: trace: policy: R2C3=2 (rejected)
2025-08-29 17:37:41,795 INFO: trace: policy: R6C2=5 (rejected)
2025-08-29 17:37:41,795 INFO: trace: policy: R3C7=4 (rejected)
2025-08-29 17:37:41,795 INFO: trace: policy: R4C8=5
2025-08-29 17:37:41,795 INFO: trace: policy: R9C2=4 (rejected)
2025-08-29 17:37:41,795 INFO: trace: policy: R9C7=4 (rejected)
2025-08-29 17:37:41,795 INFO: trace: policy: R9C2=5 (rejected)
2025-08-29 17:37:41,795 INFO: trace: policy: R3C9=4 (rejected)
2025-08-29 17:37:41,795 INFO: trace: policy: R7C9=4 (rejected)
2025-08-29 17:37:41,795 INFO: trace: policy: R2C8=4 (rejected)
2025-08-29 17:37:41,795 INFO: trace: policy: R2C2=2 (rejected)
2025-08-29 17:37:41,795 INFO: trace: policy: R6C8=4 (rejected)
2025-08-29 17:37:41,795 INFO: trace: policy: R2C3=2 (rejected)
2025-08-29 17:37:41,795 INFO: trace: policy: R6C2=5 (rejected)
2025-08-29 17:37:41,795 INFO: trace: policy: R3C7=4 (rejected)
2025-08-29 17:37:41,795 INFO: trace: policy: R3C6=4 (rejected)
2025-08-29 17:37:41,795 INFO: trace: policy: R5C2=5 (rejected)
2025-08-29 17:37:41,795 INFO: trace: policy: R3C5=4 (rejected)
2025-08-29 17:37:41,795 INFO: trace: policy: R4C6=4
2025-08-29 17:37:41,795 INFO: trace: policy: R9C2=4 (rejected)
2025-08-29 17:37:41,795 INFO: trace: policy: R9C7=4 (rejected)
2025-08-29 17:37:41,795 INFO: trace: policy: R9C2=5 (rejected)
2025-08-29 17:37:41,795 INFO: trace: policy: R3C9=4 (rejected)
2025-08-29 17:37:41,795 INFO: trace: policy: R7C9=4 (rejected)
2025-08-29 17:37:41,795 INFO: trace: policy: R2C8=4 (rejected)
2025-08-29 17:37:41,795 INFO: trace: policy: R2C2=2 (rejected)
2025-08-29 17:37:41,795 INFO: trace: policy: R6C8=4 (rejected)
2025-08-29 17:37:41,795 INFO: trace: policy: R2C3=2 (rejected)
2025-08-29 17:37:41,795 INFO: trace: policy: R6C2=5 (rejected)
2025-08-29 17:37:41,795 INFO: trace: policy: R5C2=5 (rejected)
2025-08-29 17:37:41,795 INFO: trace: policy: R3C7=4 (rejected)
2025-08-29 17:37:41,795 INFO: trace: policy: R3C5=4 (rejected)
2025-08-29 17:37:41,795 INFO: trace: policy: R6C7=4 (rejected)
2025-08-29 17:37:41,795 INFO: trace: policy: R3C6=2
2025-08-29 17:37:41,795 INFO: trace: policy: R9C2=4 (rejected)
2025-08-29 17:37:41,795 INFO: trace: policy: R9C7=4 (rejected)
2025-08-29 17:37:41,795 INFO: trace: policy: R9C2=5 (rejected)
2025-08-29 17:37:41,795 INFO: trace: policy: R3C9=4 (rejected)
2025-08-29 17:37:41,795 INFO: trace: policy: R7C9=4 (rejected)
2025-08-29 17:37:41,795 INFO: trace: policy: R2C8=4 (rejected)
2025-08-29 17:37:41,795 INFO: trace: policy: R2C2=2 (rejected)
2025-08-29 17:37:41,795 INFO: trace: policy: R6C8=4 (rejected)
2025-08-29 17:37:41,795 INFO: trace: policy: R2C3=2 (rejected)
2025-08-29 17:37:41,795 INFO: trace: policy: R6C2=5 (rejected)
2025-08-29 17:37:41,795 INFO: trace: policy: R5C2=5 (rejected)
2025-08-29 17:37:41,795 INFO: trace: policy: R3C7=4 (rejected)
2025-08-29 17:37:41,795 INFO: trace: policy: R3C5=4 (rejected)
2025-08-29 17:37:41,795 INFO: trace: policy: R6C7=4 (rejected)
2025-08-29 17:37:41,795 INFO: trace: policy: R4C3=2 (rejected)
2025-08-29 17:37:41,795 INFO: trace: policy: R3C7=5
2025-08-29 17:37:41,795 INFO: trace: policy: R9C2=4 (rejected)
2025-08-29 17:37:41,795 INFO: trace: policy: R9C7=4 (rejected)
2025-08-29 17:37:41,795 INFO: trace: policy: R9C2=5 (rejected)
2025-08-29 17:37:41,795 INFO: trace: policy: R3C9=4 (rejected)
2025-08-29 17:37:41,795 INFO: trace: policy: R7C9=4 (rejected)
2025-08-29 17:37:41,795 INFO: trace: policy: R2C8=4 (rejected)
2025-08-29 17:37:41,795 INFO: trace: policy: R2C2=2 (rejected)
2025-08-29 17:37:41,795 INFO: trace: policy: R6C8=4 (rejected)
2025-08-29 17:37:41,795 INFO: trace: policy: R2C3=2 (rejected)
2025-08-29 17:37:41,795 INFO: trace: policy: R6C2=5 (rejected)
2025-08-29 17:37:41,795 INFO: trace: policy: R5C2=5 (rejected)
2025-08-29 17:37:41,795 INFO: trace: policy: R3C5=4 (rejected)
2025-08-29 17:37:41,795 INFO: trace: policy: R6C7=4 (rejected)
2025-08-29 17:37:41,795 INFO: trace: policy: R4C3=2 (rejected)
2025-08-29 17:37:41,795 INFO: trace: policy: R7C3=5 (rejected)
2025-08-29 17:37:41,795 INFO: trace: policy: R6C7=8
2025-08-29 17:37:41,795 INFO: trace: policy: R9C2=4 (rejected)
2025-08-29 17:37:41,795 INFO: trace: policy: R9C7=4 (rejected)
2025-08-29 17:37:41,795 INFO: trace: policy: R9C2=5 (rejected)
2025-08-29 17:37:41,795 INFO: trace: policy: R3C9=4 (rejected)
2025-08-29 17:37:41,795 INFO: trace: policy: R7C9=4 (rejected)
2025-08-29 17:37:41,795 INFO: trace: policy: R2C8=4 (rejected)
2025-08-29 17:37:41,795 INFO: trace: policy: R2C2=2 (rejected)
2025-08-29 17:37:41,795 INFO: trace: policy: R6C8=4 (rejected)
2025-08-29 17:37:41,795 INFO: trace: policy: R2C3=2 (rejected)
2025-08-29 17:37:41,795 INFO: trace: policy: R6C2=5 (rejected)
2025-08-29 17:37:41,795 INFO: trace: policy: R5C2=5 (rejected)
2025-08-29 17:37:41,795 INFO: trace: policy: R3C5=4 (rejected)
2025-08-29 17:37:41,795 INFO: trace: policy: R4C3=2 (rejected)
2025-08-29 17:37:41,795 INFO: trace: policy: R7C3=5 (rejected)
2025-08-29 17:37:41,795 INFO: trace: policy: R7C4=5 (rejected)
2025-08-29 17:37:41,795 INFO: trace: policy: R5C5=5 (rejected)
2025-08-29 17:37:41,795 INFO: trace: naked-single: R5C5=5
2025-08-29 17:37:41,795 INFO: trace: naked-single: R6C4=9
2025-08-29 17:37:41,795 INFO: trace: naked-single: R7C5=3
2025-08-29 17:37:41,802 INFO: trace: naked-single: R7C6=7
2025-08-29 17:37:41,802 INFO: trace: naked-single: R7C9=4
2025-08-29 17:37:41,802 INFO: trace: naked-single: R8C8=3
2025-08-29 17:37:41,802 INFO: trace: hidden-single(row): R2C7=3
2025-08-29 17:37:41,802 INFO: trace: hidden-single(row): R3C4=3
2025-08-29 17:37:41,802 INFO: trace: hidden-single(row): R3C7=5
2025-08-29 17:37:41,802 INFO: trace: hidden-single(row): R5C3=6
2025-08-29 17:37:41,802 INFO: trace: hidden-single(row): R5C7=7
2025-08-29 17:37:41,802 INFO: trace: hidden-single(row): R6C3=3
2025-08-29 17:37:41,802 INFO: trace: hidden-single(row): R6C7=8
2025-08-29 17:37:41,802 INFO: trace: hidden-single(row): R8C7=6
2025-08-29 17:37:41,802 INFO: trace: hidden-single(row): R8C2=8
2025-08-29 17:37:41,802 INFO: trace: hidden-single(row): R9C1=3
2025-08-29 17:37:41,802 INFO: trace: hidden-single(col): R7C1=9
2025-08-29 17:37:41,802 INFO: trace: hidden-single(col): R2C2=7
2025-08-29 17:37:41,802 INFO: trace: hidden-single(col): R8C3=7
2025-08-29 17:37:41,802 INFO: trace: hidden-single(col): R4C3=9
2025-08-29 17:37:41,802 INFO: trace: hidden-single(col): R4C4=7
2025-08-29 17:37:41,802 INFO: trace: hidden-single(col): R3C5=4
2025-08-29 17:37:41,802 INFO: trace: hidden-single(col): R1C6=8
2025-08-29 17:37:41,802 INFO: trace: hidden-single(col): R1C7=9
2025-08-29 17:37:41,802 INFO: trace: hidden-single(col): R1C8=1
2025-08-29 17:37:41,802 INFO: trace: hidden-single(col): R5C8=9
2025-08-29 17:37:41,802 INFO: trace: hidden-single(col): R3C9=7
2025-08-29 17:37:41,802 INFO: trace: hidden-single(col): R2C9=8
2025-08-29 17:37:41,802 INFO: trace: hidden-single(box): R3C1=1
2025-08-29 17:37:41,802 INFO: trace: hidden-single(box): R1C4=6
2025-08-29 17:37:41,802 INFO: trace: hidden-single(box): R2C8=4
2025-08-29 17:37:41,802 INFO: trace: hidden-single(box): R4C8=2
2025-08-29 17:37:41,802 INFO: trace: hidden-single(box): R4C7=4
2025-08-29 17:37:41,802 INFO: trace: hidden-single(box): R9C6=6
2025-08-29 17:37:41,802 INFO: trace: hidden-single(box): R9C7=1
2025-08-29 17:37:41,802 INFO: trace: pointing(col): C3 remove 2 at R9
2025-08-29 17:37:41,803 INFO: trace: pointing(col): C2 remove 5 at R9
2025-08-29 17:37:41,803 INFO: trace: hidden-pair: R6 R6C2 restrict to 1/4 (remove 5)
2025-08-29 17:37:41,803 INFO: trace: hidden-pair: C2 R4C2 restrict to 4/5 (remove 1)
2025-08-29 17:37:41,803 INFO: trace: hidden-pair: C2 R9C2 restrict to 4/5 (remove 2)
2025-08-29 17:37:41,803 INFO: trace: hidden-pair: C3 R9C3 restrict to 1/5 (remove 4)
2025-08-29 17:37:41,803 INFO: trace: hidden-pair: C6 R6C6 restrict to 2/4 (remove 1)
2025-08-29 17:37:41,803 INFO: trace: hidden-pair: B31 R7C3 restrict to 1/2 (remove 5)
2025-08-29 17:37:41,803 INFO: trace: hidden-triple: C3 R1C3 restrict to [1, 4, 5] (remove 2)
2025-08-29 17:37:41,803 INFO: trace: naked-single: R1C3=4
2025-08-29 17:37:41,803 INFO: trace: naked-single: R1C9=2
2025-08-29 17:37:41,803 INFO: trace: naked-single: R2C3=2
2025-08-29 17:37:41,803 INFO: trace: naked-single: R3C6=2
2025-08-29 17:37:41,803 INFO: trace: naked-single: R4C2=5
2025-08-29 17:37:41,803 INFO: trace: naked-single: R4C6=1
2025-08-29 17:37:41,803 INFO: trace: naked-single: R5C2=2
2025-08-29 17:37:41,803 INFO: trace: naked-single: R6C2=1
2025-08-29 17:37:41,803 INFO: trace: naked-single: R6C6=4
2025-08-29 17:37:41,803 INFO: trace: naked-single: R6C8=5
2025-08-29 17:37:41,803 INFO: trace: naked-single: R7C3=1
2025-08-29 17:37:41,803 INFO: trace: naked-single: R7C4=5
2025-08-29 17:37:41,803 INFO: trace: naked-single: R8C1=2
2025-08-29 17:37:41,803 INFO: trace: naked-single: R9C2=4
2025-08-29 17:37:41,803 INFO: trace: naked-single: R9C3=5
2025-08-29 17:37:41,803 INFO: trace: naked-single: R9C4=2
2025-08-29 17:37:41,878 INFO: ai-solve end
