2025-08-29 17:36:56,165 INFO: ai-solve start: input=examples/easy1.sdk ckpt=checkpoints/policy.pt cpu=False no-prop=True max-steps=200
2025-08-29 17:36:57,491 INFO: device: cpu
2025-08-29 17:36:57,499 INFO: step 1 try R9C3=1 (score=1.0000)
2025-08-29 17:36:57,499 INFO: accepted R9C3=1
2025-08-29 17:36:57,501 INFO: step 2 try R3C1=1 (score=1.0000)
2025-08-29 17:36:57,501 INFO: accepted R3C1=1
2025-08-29 17:36:57,503 INFO: step 3 try R4C2=1 (score=1.0000)
2025-08-29 17:36:57,503 INFO: accepted R4C2=1
2025-08-29 17:36:57,505 INFO: step 4 try R6C6=1 (score=1.0000)
2025-08-29 17:36:57,505 INFO: accepted R6C6=1
2025-08-29 17:36:57,508 INFO: step 5 try R1C7=1 (score=1.0000)
2025-08-29 17:36:57,508 INFO: accepted R1C7=1
2025-08-29 17:36:57,508 INFO: step 6 try R9C1=3 (score=0.0000)
2025-08-29 17:36:57,508 INFO: accepted R9C1=3
2025-08-29 17:36:57,508 INFO: step 7 try R1C9=4 (score=0.0000)
2025-08-29 17:36:57,508 INFO: rejected R1C9=4
2025-08-29 17:36:57,508 INFO: step 7 try R1C9=2 (score=0.0000)
2025-08-29 17:36:57,508 INFO: accepted R1C9=2
2025-08-29 17:36:57,508 INFO: step 8 try R9C6=6 (score=0.0000)
2025-08-29 17:36:57,508 INFO: accepted R9C6=6
2025-08-29 17:36:57,508 INFO: step 9 try R2C9=7 (score=0.0000)
2025-08-29 17:36:57,508 INFO: accepted R2C9=7
2025-08-29 17:36:57,508 INFO: step 10 try R1C8=9 (score=0.0000)
2025-08-29 17:36:57,508 INFO: accepted R1C8=9
2025-08-29 17:36:57,522 INFO: step 11 try R1C4=6 (score=0.0000)
2025-08-29 17:36:57,522 INFO: accepted R1C4=6
2025-08-29 17:36:57,525 INFO: step 12 try R9C2=4 (score=0.0000)
2025-08-29 17:36:57,525 INFO: rejected R9C2=4
2025-08-29 17:36:57,525 INFO: step 12 try R8C1=2 (score=0.0000)
2025-08-29 17:36:57,525 INFO: accepted R8C1=2
2025-08-29 17:36:57,525 INFO: step 13 try R9C2=4 (score=0.0000)
2025-08-29 17:36:57,525 INFO: rejected R9C2=4
2025-08-29 17:36:57,525 INFO: step 13 try R7C1=9 (score=0.0000)
2025-08-29 17:36:57,525 INFO: accepted R7C1=9
2025-08-29 17:36:57,525 INFO: step 14 try R9C2=4 (score=0.0000)
2025-08-29 17:36:57,525 INFO: rejected R9C2=4
2025-08-29 17:36:57,525 INFO: step 14 try R9C2=5 (score=0.0000)
2025-08-29 17:36:57,525 INFO: rejected R9C2=5
2025-08-29 17:36:57,525 INFO: step 14 try R1C6=4 (score=0.0000)
2025-08-29 17:36:57,525 INFO: rejected R1C6=4
2025-08-29 17:36:57,525 INFO: step 14 try R9C7=4 (score=0.0000)
2025-08-29 17:36:57,525 INFO: rejected R9C7=4
2025-08-29 17:36:57,525 INFO: step 14 try R7C9=4 (score=0.0000)
2025-08-29 17:36:57,525 INFO: rejected R7C9=4
2025-08-29 17:36:57,525 INFO: step 14 try R1C3=4 (score=0.0000)
2025-08-29 17:36:57,525 INFO: accepted R1C3=4
2025-08-29 17:36:57,525 INFO: step 15 try R9C2=4 (score=0.0000)
2025-08-29 17:36:57,525 INFO: rejected R9C2=4
2025-08-29 17:36:57,525 INFO: step 15 try R9C2=5 (score=0.0000)
2025-08-29 17:36:57,525 INFO: rejected R9C2=5
2025-08-29 17:36:57,525 INFO: step 15 try R9C7=4 (score=0.0000)
2025-08-29 17:36:57,525 INFO: rejected R9C7=4
2025-08-29 17:36:57,525 INFO: step 15 try R7C9=4 (score=0.0000)
2025-08-29 17:36:57,525 INFO: rejected R7C9=4
2025-08-29 17:36:57,525 INFO: step 15 try R3C9=4 (score=0.0000)
2025-08-29 17:36:57,525 INFO: rejected R3C9=4
2025-08-29 17:36:57,525 INFO: step 15 try R9C4=2 (score=0.0000)
2025-08-29 17:36:57,525 INFO: accepted R9C4=2
2025-08-29 17:36:57,525 INFO: step 16 try R9C2=4 (score=0.0000)
2025-08-29 17:36:57,525 INFO: rejected R9C2=4
2025-08-29 17:36:57,525 INFO: step 16 try R9C2=5 (score=0.0000)
2025-08-29 17:36:57,525 INFO: rejected R9C2=5
2025-08-29 17:36:57,525 INFO: step 16 try R9C7=4 (score=0.0000)
2025-08-29 17:36:57,525 INFO: rejected R9C7=4
2025-08-29 17:36:57,525 INFO: step 16 try R7C9=4 (score=0.0000)
2025-08-29 17:36:57,525 INFO: rejected R7C9=4
2025-08-29 17:36:57,525 INFO: step 16 try R3C9=4 (score=0.0000)
2025-08-29 17:36:57,525 INFO: rejected R3C9=4
2025-08-29 17:36:57,525 INFO: step 16 try R1C6=8 (score=0.0000)
2025-08-29 17:36:57,525 INFO: accepted R1C6=8
2025-08-29 17:36:57,525 INFO: step 17 try R9C2=4 (score=0.0000)
2025-08-29 17:36:57,525 INFO: rejected R9C2=4
2025-08-29 17:36:57,525 INFO: step 17 try R9C2=5 (score=0.0000)
2025-08-29 17:36:57,525 INFO: rejected R9C2=5
2025-08-29 17:36:57,525 INFO: step 17 try R9C7=4 (score=0.0000)
2025-08-29 17:36:57,525 INFO: rejected R9C7=4
2025-08-29 17:36:57,525 INFO: step 17 try R7C9=4 (score=0.0000)
2025-08-29 17:36:57,525 INFO: rejected R7C9=4
2025-08-29 17:36:57,525 INFO: step 17 try R3C9=4 (score=0.0000)
2025-08-29 17:36:57,525 INFO: rejected R3C9=4
2025-08-29 17:36:57,525 INFO: step 17 try R2C8=3 (score=0.0000)
2025-08-29 17:36:57,525 INFO: rejected R2C8=3
2025-08-29 17:36:57,525 INFO: step 17 try R8C8=3 (score=0.0000)
2025-08-29 17:36:57,525 INFO: accepted R8C8=3
2025-08-29 17:36:57,542 INFO: step 18 try R9C2=4 (score=0.0000)
2025-08-29 17:36:57,542 INFO: rejected R9C2=4
2025-08-29 17:36:57,542 INFO: step 18 try R9C2=5 (score=0.0000)
2025-08-29 17:36:57,542 INFO: rejected R9C2=5
2025-08-29 17:36:57,542 INFO: step 18 try R9C7=4 (score=0.0000)
2025-08-29 17:36:57,542 INFO: rejected R9C7=4
2025-08-29 17:36:57,542 INFO: step 18 try R3C9=4 (score=0.0000)
2025-08-29 17:36:57,542 INFO: rejected R3C9=4
2025-08-29 17:36:57,542 INFO: step 18 try R7C9=4 (score=0.0000)
2025-08-29 17:36:57,542 INFO: rejected R7C9=4
2025-08-29 17:36:57,542 INFO: step 18 try R8C2=7 (score=0.0000)
2025-08-29 17:36:57,542 INFO: rejected R8C2=7
2025-08-29 17:36:57,542 INFO: step 18 try R8C7=6 (score=0.0000)
2025-08-29 17:36:57,542 INFO: accepted R8C7=6
2025-08-29 17:36:57,542 INFO: step 19 try R9C2=4 (score=0.0000)
2025-08-29 17:36:57,542 INFO: rejected R9C2=4
2025-08-29 17:36:57,542 INFO: step 19 try R9C2=5 (score=0.0000)
2025-08-29 17:36:57,542 INFO: rejected R9C2=5
2025-08-29 17:36:57,542 INFO: step 19 try R9C7=4 (score=0.0000)
2025-08-29 17:36:57,542 INFO: rejected R9C7=4
2025-08-29 17:36:57,542 INFO: step 19 try R3C9=4 (score=0.0000)
2025-08-29 17:36:57,542 INFO: rejected R3C9=4
2025-08-29 17:36:57,542 INFO: step 19 try R7C9=4 (score=0.0000)
2025-08-29 17:36:57,542 INFO: rejected R7C9=4
2025-08-29 17:36:57,542 INFO: step 19 try R8C2=7 (score=0.0000)
2025-08-29 17:36:57,542 INFO: rejected R8C2=7
2025-08-29 17:36:57,542 INFO: step 19 try R2C8=4 (score=0.0000)
2025-08-29 17:36:57,542 INFO: rejected R2C8=4
2025-08-29 17:36:57,542 INFO: step 19 try R2C7=3 (score=0.0000)
2025-08-29 17:36:57,542 INFO: accepted R2C7=3
2025-08-29 17:36:57,542 INFO: step 20 try R9C2=4 (score=0.0000)
2025-08-29 17:36:57,542 INFO: rejected R9C2=4
2025-08-29 17:36:57,542 INFO: step 20 try R9C2=5 (score=0.0000)
2025-08-29 17:36:57,542 INFO: rejected R9C2=5
2025-08-29 17:36:57,542 INFO: step 20 try R9C7=4 (score=0.0000)
2025-08-29 17:36:57,542 INFO: rejected R9C7=4
2025-08-29 17:36:57,542 INFO: step 20 try R3C9=4 (score=0.0000)
2025-08-29 17:36:57,542 INFO: rejected R3C9=4
2025-08-29 17:36:57,542 INFO: step 20 try R7C9=4 (score=0.0000)
2025-08-29 17:36:57,542 INFO: rejected R7C9=4
2025-08-29 17:36:57,542 INFO: step 20 try R8C2=7 (score=0.0000)
2025-08-29 17:36:57,542 INFO: rejected R8C2=7
2025-08-29 17:36:57,542 INFO: step 20 try R2C8=4 (score=0.0000)
2025-08-29 17:36:57,542 INFO: rejected R2C8=4
2025-08-29 17:36:57,542 INFO: step 20 try R8C3=7 (score=0.0000)
2025-08-29 17:36:57,542 INFO: accepted R8C3=7
2025-08-29 17:36:57,542 INFO: step 21 try R9C2=4 (score=0.0000)
2025-08-29 17:36:57,542 INFO: rejected R9C2=4
2025-08-29 17:36:57,542 INFO: step 21 try R9C2=5 (score=0.0000)
2025-08-29 17:36:57,542 INFO: rejected R9C2=5
2025-08-29 17:36:57,542 INFO: step 21 try R9C7=4 (score=0.0000)
2025-08-29 17:36:57,542 INFO: rejected R9C7=4
2025-08-29 17:36:57,542 INFO: step 21 try R3C9=4 (score=0.0000)
2025-08-29 17:36:57,542 INFO: rejected R3C9=4
2025-08-29 17:36:57,542 INFO: step 21 try R7C9=4 (score=0.0000)
2025-08-29 17:36:57,542 INFO: rejected R7C9=4
2025-08-29 17:36:57,542 INFO: step 21 try R2C8=4 (score=0.0000)
2025-08-29 17:36:57,542 INFO: rejected R2C8=4
2025-08-29 17:36:57,542 INFO: step 21 try R5C3=6 (score=0.0000)
2025-08-29 17:36:57,542 INFO: accepted R5C3=6
2025-08-29 17:36:57,542 INFO: step 22 try R9C2=4 (score=0.0000)
2025-08-29 17:36:57,542 INFO: rejected R9C2=4
2025-08-29 17:36:57,542 INFO: step 22 try R9C2=5 (score=0.0000)
2025-08-29 17:36:57,542 INFO: rejected R9C2=5
2025-08-29 17:36:57,542 INFO: step 22 try R9C7=4 (score=0.0000)
2025-08-29 17:36:57,542 INFO: rejected R9C7=4
2025-08-29 17:36:57,542 INFO: step 22 try R3C9=4 (score=0.0000)
2025-08-29 17:36:57,542 INFO: rejected R3C9=4
2025-08-29 17:36:57,542 INFO: step 22 try R7C9=4 (score=0.0000)
2025-08-29 17:36:57,542 INFO: rejected R7C9=4
2025-08-29 17:36:57,542 INFO: step 22 try R2C8=4 (score=0.0000)
2025-08-29 17:36:57,542 INFO: rejected R2C8=4
2025-08-29 17:36:57,542 INFO: step 22 try R2C2=2 (score=0.0000)
2025-08-29 17:36:57,542 INFO: rejected R2C2=2
2025-08-29 17:36:57,542 INFO: step 22 try R8C2=8 (score=0.0000)
2025-08-29 17:36:57,542 INFO: accepted R8C2=8
2025-08-29 17:36:57,542 INFO: step 23 try R9C2=4 (score=0.0000)
2025-08-29 17:36:57,542 INFO: rejected R9C2=4
2025-08-29 17:36:57,542 INFO: step 23 try R9C7=4 (score=0.0000)
2025-08-29 17:36:57,542 INFO: rejected R9C7=4
2025-08-29 17:36:57,542 INFO: step 23 try R3C9=4 (score=0.0000)
2025-08-29 17:36:57,542 INFO: rejected R3C9=4
2025-08-29 17:36:57,542 INFO: step 23 try R9C2=5 (score=0.0000)
2025-08-29 17:36:57,542 INFO: rejected R9C2=5
2025-08-29 17:36:57,542 INFO: step 23 try R7C9=4 (score=0.0000)
2025-08-29 17:36:57,542 INFO: rejected R7C9=4
2025-08-29 17:36:57,542 INFO: step 23 try R2C8=4 (score=0.0000)
2025-08-29 17:36:57,542 INFO: rejected R2C8=4
2025-08-29 17:36:57,542 INFO: step 23 try R2C2=2 (score=0.0000)
2025-08-29 17:36:57,542 INFO: rejected R2C2=2
2025-08-29 17:36:57,542 INFO: step 23 try R4C8=4 (score=0.0000)
2025-08-29 17:36:57,542 INFO: rejected R4C8=4
2025-08-29 17:36:57,542 INFO: step 23 try R6C3=3 (score=0.0000)
2025-08-29 17:36:57,542 INFO: accepted R6C3=3
2025-08-29 17:36:57,542 INFO: step 24 try R9C2=4 (score=0.0000)
2025-08-29 17:36:57,542 INFO: rejected R9C2=4
2025-08-29 17:36:57,542 INFO: step 24 try R9C7=4 (score=0.0000)
2025-08-29 17:36:57,542 INFO: rejected R9C7=4
2025-08-29 17:36:57,542 INFO: step 24 try R3C9=4 (score=0.0000)
2025-08-29 17:36:57,542 INFO: rejected R3C9=4
2025-08-29 17:36:57,542 INFO: step 24 try R9C2=5 (score=0.0000)
2025-08-29 17:36:57,542 INFO: rejected R9C2=5
2025-08-29 17:36:57,542 INFO: step 24 try R7C9=4 (score=0.0000)
2025-08-29 17:36:57,542 INFO: rejected R7C9=4
2025-08-29 17:36:57,542 INFO: step 24 try R2C8=4 (score=0.0000)
2025-08-29 17:36:57,542 INFO: rejected R2C8=4
2025-08-29 17:36:57,542 INFO: step 24 try R2C2=2 (score=0.0000)
2025-08-29 17:36:57,542 INFO: rejected R2C2=2
2025-08-29 17:36:57,542 INFO: step 24 try R4C8=4 (score=0.0000)
2025-08-29 17:36:57,542 INFO: rejected R4C8=4
2025-08-29 17:36:57,542 INFO: step 24 try R3C5=3 (score=0.0000)
2025-08-29 17:36:57,542 INFO: rejected R3C5=3
2025-08-29 17:36:57,542 INFO: step 24 try R6C8=4 (score=0.0000)
2025-08-29 17:36:57,542 INFO: rejected R6C8=4
2025-08-29 17:36:57,542 INFO: step 24 try R3C4=3 (score=0.0000)
2025-08-29 17:36:57,542 INFO: accepted R3C4=3
2025-08-29 17:36:57,558 INFO: step 25 try R9C2=4 (score=0.0000)
2025-08-29 17:36:57,558 INFO: rejected R9C2=4
2025-08-29 17:36:57,558 INFO: step 25 try R9C7=4 (score=0.0000)
2025-08-29 17:36:57,558 INFO: rejected R9C7=4
2025-08-29 17:36:57,558 INFO: step 25 try R3C9=4 (score=0.0000)
2025-08-29 17:36:57,558 INFO: rejected R3C9=4
2025-08-29 17:36:57,558 INFO: step 25 try R9C2=5 (score=0.0000)
2025-08-29 17:36:57,558 INFO: rejected R9C2=5
2025-08-29 17:36:57,560 INFO: step 25 try R7C9=4 (score=0.0000)
2025-08-29 17:36:57,560 INFO: rejected R7C9=4
2025-08-29 17:36:57,560 INFO: step 25 try R2C8=4 (score=0.0000)
2025-08-29 17:36:57,560 INFO: rejected R2C8=4
2025-08-29 17:36:57,560 INFO: step 25 try R2C2=2 (score=0.0000)
2025-08-29 17:36:57,560 INFO: rejected R2C2=2
2025-08-29 17:36:57,560 INFO: step 25 try R4C8=4 (score=0.0000)
2025-08-29 17:36:57,560 INFO: rejected R4C8=4
2025-08-29 17:36:57,560 INFO: step 25 try R6C8=4 (score=0.0000)
2025-08-29 17:36:57,560 INFO: rejected R6C8=4
2025-08-29 17:36:57,560 INFO: step 25 try R7C5=3 (score=0.0000)
2025-08-29 17:36:57,560 INFO: accepted R7C5=3
2025-08-29 17:36:57,563 INFO: step 26 try R9C2=4 (score=0.0000)
2025-08-29 17:36:57,563 INFO: rejected R9C2=4
2025-08-29 17:36:57,563 INFO: step 26 try R9C7=4 (score=0.0000)
2025-08-29 17:36:57,563 INFO: rejected R9C7=4
2025-08-29 17:36:57,563 INFO: step 26 try R3C9=4 (score=0.0000)
2025-08-29 17:36:57,563 INFO: rejected R3C9=4
2025-08-29 17:36:57,563 INFO: step 26 try R9C2=5 (score=0.0000)
2025-08-29 17:36:57,564 INFO: rejected R9C2=5
2025-08-29 17:36:57,564 INFO: step 26 try R7C9=4 (score=0.0000)
2025-08-29 17:36:57,564 INFO: rejected R7C9=4
2025-08-29 17:36:57,564 INFO: step 26 try R2C8=4 (score=0.0000)
2025-08-29 17:36:57,564 INFO: rejected R2C8=4
2025-08-29 17:36:57,564 INFO: step 26 try R2C2=2 (score=0.0000)
2025-08-29 17:36:57,564 INFO: rejected R2C2=2
2025-08-29 17:36:57,564 INFO: step 26 try R4C8=4 (score=0.0000)
2025-08-29 17:36:57,564 INFO: rejected R4C8=4
2025-08-29 17:36:57,564 INFO: step 26 try R6C8=4 (score=0.0000)
2025-08-29 17:36:57,564 INFO: rejected R6C8=4
2025-08-29 17:36:57,564 INFO: step 26 try R4C6=7 (score=0.0000)
2025-08-29 17:36:57,564 INFO: rejected R4C6=7
2025-08-29 17:36:57,564 INFO: step 26 try R5C8=2 (score=0.0000)
2025-08-29 17:36:57,564 INFO: accepted R5C8=2
2025-08-29 17:36:57,566 INFO: step 27 try R9C2=4 (score=0.0000)
2025-08-29 17:36:57,566 INFO: rejected R9C2=4
2025-08-29 17:36:57,568 INFO: step 27 try R9C7=4 (score=0.0000)
2025-08-29 17:36:57,568 INFO: rejected R9C7=4
2025-08-29 17:36:57,568 INFO: step 27 try R3C9=4 (score=0.0000)
2025-08-29 17:36:57,568 INFO: rejected R3C9=4
2025-08-29 17:36:57,568 INFO: step 27 try R9C2=5 (score=0.0000)
2025-08-29 17:36:57,568 INFO: rejected R9C2=5
2025-08-29 17:36:57,568 INFO: step 27 try R7C9=4 (score=0.0000)
2025-08-29 17:36:57,568 INFO: rejected R7C9=4
2025-08-29 17:36:57,568 INFO: step 27 try R2C8=4 (score=0.0000)
2025-08-29 17:36:57,568 INFO: rejected R2C8=4
2025-08-29 17:36:57,568 INFO: step 27 try R2C2=2 (score=0.0000)
2025-08-29 17:36:57,568 INFO: rejected R2C2=2
2025-08-29 17:36:57,568 INFO: step 27 try R4C8=4 (score=0.0000)
2025-08-29 17:36:57,568 INFO: rejected R4C8=4
2025-08-29 17:36:57,568 INFO: step 27 try R6C8=4 (score=0.0000)
2025-08-29 17:36:57,568 INFO: rejected R6C8=4
2025-08-29 17:36:57,568 INFO: step 27 try R5C7=7 (score=0.0000)
2025-08-29 17:36:57,568 INFO: accepted R5C7=7
2025-08-29 17:36:57,568 INFO: step 28 try R9C2=4 (score=0.0000)
2025-08-29 17:36:57,568 INFO: rejected R9C2=4
2025-08-29 17:36:57,568 INFO: step 28 try R9C7=4 (score=0.0000)
2025-08-29 17:36:57,568 INFO: rejected R9C7=4
2025-08-29 17:36:57,568 INFO: step 28 try R9C2=5 (score=0.0000)
2025-08-29 17:36:57,568 INFO: rejected R9C2=5
2025-08-29 17:36:57,568 INFO: step 28 try R3C9=4 (score=0.0000)
2025-08-29 17:36:57,568 INFO: rejected R3C9=4
2025-08-29 17:36:57,568 INFO: step 28 try R7C9=4 (score=0.0000)
2025-08-29 17:36:57,568 INFO: rejected R7C9=4
2025-08-29 17:36:57,568 INFO: step 28 try R2C8=4 (score=0.0000)
2025-08-29 17:36:57,568 INFO: rejected R2C8=4
2025-08-29 17:36:57,568 INFO: step 28 try R2C2=2 (score=0.0000)
2025-08-29 17:36:57,568 INFO: rejected R2C2=2
2025-08-29 17:36:57,568 INFO: step 28 try R4C8=4 (score=0.0000)
2025-08-29 17:36:57,568 INFO: rejected R4C8=4
2025-08-29 17:36:57,568 INFO: step 28 try R6C8=4 (score=0.0000)
2025-08-29 17:36:57,568 INFO: rejected R6C8=4
2025-08-29 17:36:57,568 INFO: step 28 try R4C6=7 (score=0.0000)
2025-08-29 17:36:57,568 INFO: rejected R4C6=7
2025-08-29 17:36:57,568 INFO: step 28 try R4C4=7 (score=0.0000)
2025-08-29 17:36:57,568 INFO: accepted R4C4=7
2025-08-29 17:36:57,574 INFO: step 29 try R9C2=4 (score=0.0000)
2025-08-29 17:36:57,574 INFO: rejected R9C2=4
2025-08-29 17:36:57,575 INFO: step 29 try R9C7=4 (score=0.0000)
2025-08-29 17:36:57,575 INFO: rejected R9C7=4
2025-08-29 17:36:57,575 INFO: step 29 try R9C2=5 (score=0.0000)
2025-08-29 17:36:57,575 INFO: rejected R9C2=5
2025-08-29 17:36:57,575 INFO: step 29 try R3C9=4 (score=0.0000)
2025-08-29 17:36:57,575 INFO: rejected R3C9=4
2025-08-29 17:36:57,575 INFO: step 29 try R7C9=4 (score=0.0000)
2025-08-29 17:36:57,575 INFO: rejected R7C9=4
2025-08-29 17:36:57,575 INFO: step 29 try R2C8=4 (score=0.0000)
2025-08-29 17:36:57,575 INFO: rejected R2C8=4
2025-08-29 17:36:57,575 INFO: step 29 try R2C2=2 (score=0.0000)
2025-08-29 17:36:57,575 INFO: rejected R2C2=2
2025-08-29 17:36:57,575 INFO: step 29 try R4C8=4 (score=0.0000)
2025-08-29 17:36:57,575 INFO: rejected R4C8=4
2025-08-29 17:36:57,575 INFO: step 29 try R6C8=4 (score=0.0000)
2025-08-29 17:36:57,575 INFO: rejected R6C8=4
2025-08-29 17:36:57,575 INFO: step 29 try R7C6=7 (score=0.0000)
2025-08-29 17:36:57,575 INFO: accepted R7C6=7
2025-08-29 17:36:57,575 INFO: step 30 try R9C2=4 (score=0.0000)
2025-08-29 17:36:57,575 INFO: rejected R9C2=4
2025-08-29 17:36:57,575 INFO: step 30 try R9C7=4 (score=0.0000)
2025-08-29 17:36:57,575 INFO: rejected R9C7=4
2025-08-29 17:36:57,575 INFO: step 30 try R9C2=5 (score=0.0000)
2025-08-29 17:36:57,575 INFO: rejected R9C2=5
2025-08-29 17:36:57,575 INFO: step 30 try R3C9=4 (score=0.0000)
2025-08-29 17:36:57,575 INFO: rejected R3C9=4
2025-08-29 17:36:57,575 INFO: step 30 try R7C9=4 (score=0.0000)
2025-08-29 17:36:57,575 INFO: rejected R7C9=4
2025-08-29 17:36:57,575 INFO: step 30 try R2C8=4 (score=0.0000)
2025-08-29 17:36:57,575 INFO: rejected R2C8=4
2025-08-29 17:36:57,575 INFO: step 30 try R2C2=2 (score=0.0000)
2025-08-29 17:36:57,575 INFO: rejected R2C2=2
2025-08-29 17:36:57,575 INFO: step 30 try R4C8=4 (score=0.0000)
2025-08-29 17:36:57,575 INFO: rejected R4C8=4
2025-08-29 17:36:57,575 INFO: step 30 try R6C8=4 (score=0.0000)
2025-08-29 17:36:57,575 INFO: rejected R6C8=4
2025-08-29 17:36:57,575 INFO: step 30 try R2C3=2 (score=0.0000)
2025-08-29 17:36:57,575 INFO: rejected R2C3=2
2025-08-29 17:36:57,575 INFO: step 30 try R4C7=9 (score=0.0000)
2025-08-29 17:36:57,575 INFO: accepted R4C7=9
2025-08-29 17:36:57,575 INFO: step 31 try R9C2=4 (score=0.0000)
2025-08-29 17:36:57,575 INFO: rejected R9C2=4
2025-08-29 17:36:57,575 INFO: step 31 try R9C7=4 (score=0.0000)
2025-08-29 17:36:57,575 INFO: rejected R9C7=4
2025-08-29 17:36:57,575 INFO: step 31 try R3C9=4 (score=0.0000)
2025-08-29 17:36:57,575 INFO: rejected R3C9=4
2025-08-29 17:36:57,575 INFO: step 31 try R9C2=5 (score=0.0000)
2025-08-29 17:36:57,575 INFO: rejected R9C2=5
2025-08-29 17:36:57,575 INFO: step 31 try R7C9=4 (score=0.0000)
2025-08-29 17:36:57,575 INFO: rejected R7C9=4
2025-08-29 17:36:57,575 INFO: step 31 try R2C8=4 (score=0.0000)
2025-08-29 17:36:57,575 INFO: rejected R2C8=4
2025-08-29 17:36:57,575 INFO: step 31 try R2C2=2 (score=0.0000)
2025-08-29 17:36:57,575 INFO: rejected R2C2=2
2025-08-29 17:36:57,575 INFO: step 31 try R4C8=4 (score=0.0000)
2025-08-29 17:36:57,575 INFO: rejected R4C8=4
2025-08-29 17:36:57,575 INFO: step 31 try R6C8=4 (score=0.0000)
2025-08-29 17:36:57,575 INFO: rejected R6C8=4
2025-08-29 17:36:57,575 INFO: step 31 try R2C3=2 (score=0.0000)
2025-08-29 17:36:57,575 INFO: rejected R2C3=2
2025-08-29 17:36:57,575 INFO: step 31 try R6C4=9 (score=0.0000)
2025-08-29 17:36:57,575 INFO: accepted R6C4=9
2025-08-29 17:36:57,575 INFO: step 32 try R9C2=4 (score=0.0000)
2025-08-29 17:36:57,575 INFO: rejected R9C2=4
2025-08-29 17:36:57,575 INFO: step 32 try R9C7=4 (score=0.0000)
2025-08-29 17:36:57,575 INFO: rejected R9C7=4
2025-08-29 17:36:57,575 INFO: step 32 try R3C9=4 (score=0.0000)
2025-08-29 17:36:57,575 INFO: rejected R3C9=4
2025-08-29 17:36:57,575 INFO: step 32 try R9C2=5 (score=0.0000)
2025-08-29 17:36:57,575 INFO: rejected R9C2=5
2025-08-29 17:36:57,575 INFO: step 32 try R7C9=4 (score=0.0000)
2025-08-29 17:36:57,575 INFO: rejected R7C9=4
2025-08-29 17:36:57,575 INFO: step 32 try R2C8=4 (score=0.0000)
2025-08-29 17:36:57,575 INFO: rejected R2C8=4
2025-08-29 17:36:57,575 INFO: step 32 try R2C2=2 (score=0.0000)
2025-08-29 17:36:57,575 INFO: rejected R2C2=2
2025-08-29 17:36:57,575 INFO: step 32 try R4C8=4 (score=0.0000)
2025-08-29 17:36:57,575 INFO: rejected R4C8=4
2025-08-29 17:36:57,575 INFO: step 32 try R6C8=4 (score=0.0000)
2025-08-29 17:36:57,575 INFO: rejected R6C8=4
2025-08-29 17:36:57,575 INFO: step 32 try R2C3=2 (score=0.0000)
2025-08-29 17:36:57,575 INFO: rejected R2C3=2
2025-08-29 17:36:57,575 INFO: step 32 try R6C2=5 (score=0.0000)
2025-08-29 17:36:57,575 INFO: rejected R6C2=5
2025-08-29 17:36:57,575 INFO: step 32 try R3C7=4 (score=0.0000)
2025-08-29 17:36:57,575 INFO: rejected R3C7=4
2025-08-29 17:36:57,575 INFO: step 32 try R4C8=5 (score=0.0000)
2025-08-29 17:36:57,575 INFO: accepted R4C8=5
2025-08-29 17:36:57,575 INFO: step 33 try R9C2=4 (score=0.0000)
2025-08-29 17:36:57,575 INFO: rejected R9C2=4
2025-08-29 17:36:57,575 INFO: step 33 try R9C7=4 (score=0.0000)
2025-08-29 17:36:57,575 INFO: rejected R9C7=4
2025-08-29 17:36:57,575 INFO: step 33 try R9C2=5 (score=0.0000)
2025-08-29 17:36:57,575 INFO: rejected R9C2=5
2025-08-29 17:36:57,575 INFO: step 33 try R3C9=4 (score=0.0000)
2025-08-29 17:36:57,575 INFO: rejected R3C9=4
2025-08-29 17:36:57,575 INFO: step 33 try R7C9=4 (score=0.0000)
2025-08-29 17:36:57,575 INFO: rejected R7C9=4
2025-08-29 17:36:57,575 INFO: step 33 try R2C8=4 (score=0.0000)
2025-08-29 17:36:57,575 INFO: rejected R2C8=4
2025-08-29 17:36:57,575 INFO: step 33 try R2C2=2 (score=0.0000)
2025-08-29 17:36:57,575 INFO: rejected R2C2=2
2025-08-29 17:36:57,575 INFO: step 33 try R6C8=4 (score=0.0000)
2025-08-29 17:36:57,575 INFO: rejected R6C8=4
2025-08-29 17:36:57,575 INFO: step 33 try R2C3=2 (score=0.0000)
2025-08-29 17:36:57,575 INFO: rejected R2C3=2
2025-08-29 17:36:57,575 INFO: step 33 try R6C2=5 (score=0.0000)
2025-08-29 17:36:57,575 INFO: rejected R6C2=5
2025-08-29 17:36:57,575 INFO: step 33 try R3C7=4 (score=0.0000)
2025-08-29 17:36:57,575 INFO: rejected R3C7=4
2025-08-29 17:36:57,575 INFO: step 33 try R3C6=4 (score=0.0000)
2025-08-29 17:36:57,575 INFO: rejected R3C6=4
2025-08-29 17:36:57,575 INFO: step 33 try R5C2=5 (score=0.0000)
2025-08-29 17:36:57,575 INFO: rejected R5C2=5
2025-08-29 17:36:57,575 INFO: step 33 try R3C5=4 (score=0.0000)
2025-08-29 17:36:57,575 INFO: rejected R3C5=4
2025-08-29 17:36:57,575 INFO: step 33 try R4C6=4 (score=0.0000)
2025-08-29 17:36:57,575 INFO: accepted R4C6=4
2025-08-29 17:36:57,575 INFO: step 34 try R9C2=4 (score=0.0000)
2025-08-29 17:36:57,575 INFO: rejected R9C2=4
2025-08-29 17:36:57,575 INFO: step 34 try R9C7=4 (score=0.0000)
2025-08-29 17:36:57,575 INFO: rejected R9C7=4
2025-08-29 17:36:57,575 INFO: step 34 try R9C2=5 (score=0.0000)
2025-08-29 17:36:57,575 INFO: rejected R9C2=5
2025-08-29 17:36:57,575 INFO: step 34 try R3C9=4 (score=0.0000)
2025-08-29 17:36:57,575 INFO: rejected R3C9=4
2025-08-29 17:36:57,575 INFO: step 34 try R7C9=4 (score=0.0000)
2025-08-29 17:36:57,575 INFO: rejected R7C9=4
2025-08-29 17:36:57,575 INFO: step 34 try R2C8=4 (score=0.0000)
2025-08-29 17:36:57,575 INFO: rejected R2C8=4
2025-08-29 17:36:57,575 INFO: step 34 try R2C2=2 (score=0.0000)
2025-08-29 17:36:57,575 INFO: rejected R2C2=2
2025-08-29 17:36:57,575 INFO: step 34 try R6C8=4 (score=0.0000)
2025-08-29 17:36:57,575 INFO: rejected R6C8=4
2025-08-29 17:36:57,575 INFO: step 34 try R2C3=2 (score=0.0000)
2025-08-29 17:36:57,575 INFO: rejected R2C3=2
2025-08-29 17:36:57,575 INFO: step 34 try R6C2=5 (score=0.0000)
2025-08-29 17:36:57,575 INFO: rejected R6C2=5
2025-08-29 17:36:57,575 INFO: step 34 try R5C2=5 (score=0.0000)
2025-08-29 17:36:57,575 INFO: rejected R5C2=5
2025-08-29 17:36:57,575 INFO: step 34 try R3C7=4 (score=0.0000)
2025-08-29 17:36:57,575 INFO: rejected R3C7=4
2025-08-29 17:36:57,575 INFO: step 34 try R3C5=4 (score=0.0000)
2025-08-29 17:36:57,575 INFO: rejected R3C5=4
2025-08-29 17:36:57,575 INFO: step 34 try R6C7=4 (score=0.0000)
2025-08-29 17:36:57,575 INFO: rejected R6C7=4
2025-08-29 17:36:57,575 INFO: step 34 try R3C6=2 (score=0.0000)
2025-08-29 17:36:57,575 INFO: accepted R3C6=2
2025-08-29 17:36:57,590 INFO: step 35 try R9C2=4 (score=0.0000)
2025-08-29 17:36:57,590 INFO: rejected R9C2=4
2025-08-29 17:36:57,592 INFO: step 35 try R9C7=4 (score=0.0000)
2025-08-29 17:36:57,592 INFO: rejected R9C7=4
2025-08-29 17:36:57,592 INFO: step 35 try R9C2=5 (score=0.0000)
2025-08-29 17:36:57,592 INFO: rejected R9C2=5
2025-08-29 17:36:57,592 INFO: step 35 try R3C9=4 (score=0.0000)
2025-08-29 17:36:57,592 INFO: rejected R3C9=4
2025-08-29 17:36:57,592 INFO: step 35 try R7C9=4 (score=0.0000)
2025-08-29 17:36:57,592 INFO: rejected R7C9=4
2025-08-29 17:36:57,592 INFO: step 35 try R2C8=4 (score=0.0000)
2025-08-29 17:36:57,592 INFO: rejected R2C8=4
2025-08-29 17:36:57,592 INFO: step 35 try R2C2=2 (score=0.0000)
2025-08-29 17:36:57,592 INFO: rejected R2C2=2
2025-08-29 17:36:57,592 INFO: step 35 try R6C8=4 (score=0.0000)
2025-08-29 17:36:57,592 INFO: rejected R6C8=4
2025-08-29 17:36:57,592 INFO: step 35 try R2C3=2 (score=0.0000)
2025-08-29 17:36:57,592 INFO: rejected R2C3=2
2025-08-29 17:36:57,592 INFO: step 35 try R6C2=5 (score=0.0000)
2025-08-29 17:36:57,592 INFO: rejected R6C2=5
2025-08-29 17:36:57,592 INFO: step 35 try R5C2=5 (score=0.0000)
2025-08-29 17:36:57,592 INFO: rejected R5C2=5
2025-08-29 17:36:57,592 INFO: step 35 try R3C7=4 (score=0.0000)
2025-08-29 17:36:57,592 INFO: rejected R3C7=4
2025-08-29 17:36:57,592 INFO: step 35 try R3C5=4 (score=0.0000)
2025-08-29 17:36:57,592 INFO: rejected R3C5=4
2025-08-29 17:36:57,592 INFO: step 35 try R6C7=4 (score=0.0000)
2025-08-29 17:36:57,592 INFO: rejected R6C7=4
2025-08-29 17:36:57,592 INFO: step 35 try R4C3=2 (score=0.0000)
2025-08-29 17:36:57,592 INFO: rejected R4C3=2
2025-08-29 17:36:57,592 INFO: step 35 try R3C7=5 (score=0.0000)
2025-08-29 17:36:57,592 INFO: accepted R3C7=5
2025-08-29 17:36:57,595 INFO: step 36 try R9C2=4 (score=0.0000)
2025-08-29 17:36:57,595 INFO: rejected R9C2=4
2025-08-29 17:36:57,595 INFO: step 36 try R9C7=4 (score=0.0000)
2025-08-29 17:36:57,595 INFO: rejected R9C7=4
2025-08-29 17:36:57,595 INFO: step 36 try R9C2=5 (score=0.0000)
2025-08-29 17:36:57,595 INFO: rejected R9C2=5
2025-08-29 17:36:57,595 INFO: step 36 try R3C9=4 (score=0.0000)
2025-08-29 17:36:57,595 INFO: rejected R3C9=4
2025-08-29 17:36:57,595 INFO: step 36 try R7C9=4 (score=0.0000)
2025-08-29 17:36:57,595 INFO: rejected R7C9=4
2025-08-29 17:36:57,595 INFO: step 36 try R2C8=4 (score=0.0000)
2025-08-29 17:36:57,595 INFO: rejected R2C8=4
2025-08-29 17:36:57,595 INFO: step 36 try R2C2=2 (score=0.0000)
2025-08-29 17:36:57,595 INFO: rejected R2C2=2
2025-08-29 17:36:57,595 INFO: step 36 try R6C8=4 (score=0.0000)
2025-08-29 17:36:57,595 INFO: rejected R6C8=4
2025-08-29 17:36:57,595 INFO: step 36 try R2C3=2 (score=0.0000)
2025-08-29 17:36:57,595 INFO: rejected R2C3=2
2025-08-29 17:36:57,595 INFO: step 36 try R6C2=5 (score=0.0000)
2025-08-29 17:36:57,595 INFO: rejected R6C2=5
2025-08-29 17:36:57,595 INFO: step 36 try R5C2=5 (score=0.0000)
2025-08-29 17:36:57,595 INFO: rejected R5C2=5
2025-08-29 17:36:57,595 INFO: step 36 try R3C5=4 (score=0.0000)
2025-08-29 17:36:57,595 INFO: rejected R3C5=4
2025-08-29 17:36:57,595 INFO: step 36 try R6C7=4 (score=0.0000)
2025-08-29 17:36:57,595 INFO: rejected R6C7=4
2025-08-29 17:36:57,595 INFO: step 36 try R4C3=2 (score=0.0000)
2025-08-29 17:36:57,595 INFO: rejected R4C3=2
2025-08-29 17:36:57,595 INFO: step 36 try R7C3=5 (score=0.0000)
2025-08-29 17:36:57,595 INFO: rejected R7C3=5
2025-08-29 17:36:57,595 INFO: step 36 try R6C7=8 (score=0.0000)
2025-08-29 17:36:57,597 INFO: accepted R6C7=8
2025-08-29 17:36:57,597 INFO: step 37 try R9C2=4 (score=0.0000)
2025-08-29 17:36:57,597 INFO: rejected R9C2=4
2025-08-29 17:36:57,597 INFO: step 37 try R9C7=4 (score=0.0000)
2025-08-29 17:36:57,597 INFO: rejected R9C7=4
2025-08-29 17:36:57,597 INFO: step 37 try R9C2=5 (score=0.0000)
2025-08-29 17:36:57,597 INFO: rejected R9C2=5
2025-08-29 17:36:57,597 INFO: step 37 try R3C9=4 (score=0.0000)
2025-08-29 17:36:57,597 INFO: rejected R3C9=4
2025-08-29 17:36:57,597 INFO: step 37 try R7C9=4 (score=0.0000)
2025-08-29 17:36:57,597 INFO: rejected R7C9=4
2025-08-29 17:36:57,597 INFO: step 37 try R2C8=4 (score=0.0000)
2025-08-29 17:36:57,597 INFO: rejected R2C8=4
2025-08-29 17:36:57,597 INFO: step 37 try R2C2=2 (score=0.0000)
2025-08-29 17:36:57,599 INFO: rejected R2C2=2
2025-08-29 17:36:57,599 INFO: step 37 try R6C8=4 (score=0.0000)
2025-08-29 17:36:57,599 INFO: rejected R6C8=4
2025-08-29 17:36:57,599 INFO: step 37 try R2C3=2 (score=0.0000)
2025-08-29 17:36:57,599 INFO: rejected R2C3=2
2025-08-29 17:36:57,599 INFO: step 37 try R6C2=5 (score=0.0000)
2025-08-29 17:36:57,599 INFO: rejected R6C2=5
2025-08-29 17:36:57,599 INFO: step 37 try R5C2=5 (score=0.0000)
2025-08-29 17:36:57,599 INFO: rejected R5C2=5
2025-08-29 17:36:57,599 INFO: step 37 try R3C5=4 (score=0.0000)
2025-08-29 17:36:57,599 INFO: rejected R3C5=4
2025-08-29 17:36:57,599 INFO: step 37 try R4C3=2 (score=0.0000)
2025-08-29 17:36:57,599 INFO: rejected R4C3=2
2025-08-29 17:36:57,599 INFO: step 37 try R7C3=5 (score=0.0000)
2025-08-29 17:36:57,599 INFO: rejected R7C3=5
2025-08-29 17:36:57,599 INFO: step 37 try R7C4=5 (score=0.0000)
2025-08-29 17:36:57,599 INFO: rejected R7C4=5
2025-08-29 17:36:57,599 INFO: step 37 try R5C5=5 (score=0.0000)
2025-08-29 17:36:57,599 INFO: rejected R5C5=5
2025-08-29 17:36:57,601 WARNING: AI-only policy got stuck; falling back to backtracking...
2025-08-29 17:36:57,609 ERROR: Fallback backtracking also failed (unsolvable from current state).
